#
# There is insufficient memory for the Java Runtime Environment to continue.
# Native memory allocation (mmap) failed to map 53477376 bytes for Failed to commit area from 0x0000000712400000 to 0x0000000715700000 of length 53477376.
# Possible reasons:
#   The system is out of physical RAM or swap space
#   The process is running with CompressedOops enabled, and the Java Heap may be blocking the growth of the native heap
# Possible solutions:
#   Reduce memory load on the system
#   Increase physical memory or swap space
#   Check if swap backing store is full
#   Decrease Java heap size (-Xmx/-Xms)
#   Decrease number of Java threads
#   Decrease Java thread stack sizes (-Xss)
#   Set larger code cache with -XX:ReservedCodeCacheSize=
#   JVM is running with Zero Based Compressed Oops mode in which the Java heap is
#     placed in the first 32GB address space. The Java Heap base address is the
#     maximum limit for the native heap growth. Please use -XX:HeapBaseMinAddress
#     to set the Java Heap base and to place the Java Heap above 32GB virtual address.
# This output file may be truncated or incomplete.
#
#  Out of Memory Error (./src/hotspot/os/windows/os_windows.cpp:3301), pid=16360, tid=15900
#
# JRE version: OpenJDK Runtime Environment AdoptOpenJDK-11.0.11+9 (11.0.11+9) (build 11.0.11+9)
# Java VM: OpenJDK 64-Bit Server VM AdoptOpenJDK-11.0.11+9 (11.0.11+9, mixed mode, tiered, compressed oops, g1 gc, windows-amd64)
# No core dump will be written. Minidumps are not enabled by default on client versions of Windows
#

---------------  S U M M A R Y ------------

Command Line: -Dcom.sun.management.jmxremote -Dcom.sun.management.jmxremote.port=61620 -Dcom.sun.management.jmxremote.authenticate=false -Dcom.sun.management.jmxremote.ssl=false -Djava.rmi.server.hostname=localhost -Dspring.jmx.enabled=true -Dspring.application.admin.enabled=true -XX:TieredStopAtLevel=1 -Dspring.boot.project.name=disaster-recovery -Dfile.encoding=UTF-8 com.summitworks.disasterrecovery.DisasterRecoveryApplication

Host: Intel(R) Core(TM) i5-4670 CPU @ 3.40GHz, 4 cores, 15G,  Windows 10 , 64 bit Build 19041 (10.0.19041.1706)
Time: Wed Jun  1 15:56:50 2022 Eastern Daylight Time elapsed time: 2.187557 seconds (0d 0h 0m 2s)

---------------  T H R E A D  ---------------

Current thread (0x000001bee2368800):  VMThread "VM Thread" [stack: 0x00000030e4400000,0x00000030e4500000] [id=15900]

Stack: [0x00000030e4400000,0x00000030e4500000]
[error occurred during error reporting (printing stack bounds), id 0xc0000005, EXCEPTION_ACCESS_VIOLATION (0xc0000005) at pc=0x000001bec6ff0f2d]

Native frames: (J=compiled Java code, j=interpreted, Vv=VM code, C=native code)
V  [jvm.dll+0x5f7e5a]
V  [jvm.dll+0x77ff2e]
V  [jvm.dll+0x7815ff]
V  [jvm.dll+0x781c25]
V  [jvm.dll+0x781bdb]
V  [jvm.dll+0x5f7343]
V  [jvm.dll+0x5f7a58]
C  [ntdll.dll+0xa209f]
C  [ntdll.dll+0x51454]
C  [ntdll.dll+0xa0bce]
C  0x000001bec6ff0f2d

VM_Operation (0x00000030e3efc2a0): CollectForMetadataAllocation, mode: safepoint, requested by thread 0x000001bebd0f9000


---------------  P R O C E S S  ---------------

Threads class SMR info:
_java_thread_list=0x000001bee4aa3120, length=16, elements={
0x000001bebd0f9000, 0x000001bee238d000, 0x000001bee2396000, 0x000001bee2c73800,
0x000001bee2c76000, 0x000001bee2c77000, 0x000001bee2c7a000, 0x000001bee2c8a000,
0x000001bee2c20800, 0x000001bee344c800, 0x000001bee3465800, 0x000001bee34c2800,
0x000001bee43b4000, 0x000001bee43b5000, 0x000001bee4460800, 0x000001bee4465800
}

Java Threads: ( => current thread )
  0x000001bebd0f9000 JavaThread "main" [_thread_blocked, id=2688, stack(0x00000030e3e00000,0x00000030e3f00000)]
  0x000001bee238d000 JavaThread "Reference Handler" daemon [_thread_blocked, id=9724, stack(0x00000030e4500000,0x00000030e4600000)]
  0x000001bee2396000 JavaThread "Finalizer" daemon [_thread_blocked, id=13244, stack(0x00000030e4600000,0x00000030e4700000)]
  0x000001bee2c73800 JavaThread "Signal Dispatcher" daemon [_thread_blocked, id=14436, stack(0x00000030e4700000,0x00000030e4800000)]
  0x000001bee2c76000 JavaThread "Attach Listener" daemon [_thread_blocked, id=11308, stack(0x00000030e4800000,0x00000030e4900000)]
  0x000001bee2c77000 JavaThread "Service Thread" daemon [_thread_blocked, id=11036, stack(0x00000030e4900000,0x00000030e4a00000)]
  0x000001bee2c7a000 JavaThread "C1 CompilerThread0" daemon [_thread_blocked, id=8984, stack(0x00000030e4a00000,0x00000030e4b00000)]
  0x000001bee2c8a000 JavaThread "Sweeper thread" daemon [_thread_blocked, id=15600, stack(0x00000030e4b00000,0x00000030e4c00000)]
  0x000001bee2c20800 JavaThread "Common-Cleaner" daemon [_thread_blocked, id=8924, stack(0x00000030e4c00000,0x00000030e4d00000)]
  0x000001bee344c800 JavaThread "RMI TCP Accept-0" daemon [_thread_in_native, id=12772, stack(0x00000030e4d00000,0x00000030e4e00000)]
  0x000001bee3465800 JavaThread "RMI TCP Accept-61620" daemon [_thread_in_native, id=7952, stack(0x00000030e4e00000,0x00000030e4f00000)]
  0x000001bee34c2800 JavaThread "RMI TCP Accept-0" daemon [_thread_in_native, id=5896, stack(0x00000030e4f00000,0x00000030e5000000)]
  0x000001bee43b4000 JavaThread "RMI TCP Connection(1)-127.0.0.1" daemon [_thread_in_native, id=13572, stack(0x00000030e5500000,0x00000030e5600000)]
  0x000001bee43b5000 JavaThread "RMI Scheduler(0)" daemon [_thread_blocked, id=17324, stack(0x00000030e5600000,0x00000030e5700000)]
  0x000001bee4460800 JavaThread "RMI TCP Connection(2)-127.0.0.1" daemon [_thread_in_native, id=10720, stack(0x00000030e5700000,0x00000030e5800000)]
  0x000001bee4465800 JavaThread "JMX server connection timeout 19" daemon [_thread_blocked, id=15868, stack(0x00000030e5800000,0x00000030e5900000)]

Other Threads:
=>0x000001bee2368800 VMThread "VM Thread" [stack: 0x00000030e4400000,0x00000030e4500000] [id=15900]
  0x000001bee347a000 WatcherThread [stack: 0x00000030e5000000,0x00000030e5100000] [id=14964]
  0x000001bebd0cd800 GCTaskThread "GC Thread#0" [stack: 0x00000030e3f00000,0x00000030e4000000] [id=4936]
  0x000001bee34d5000 GCTaskThread "GC Thread#1" [stack: 0x00000030e5100000,0x00000030e5200000] [id=16840]
  0x000001bee347b000 GCTaskThread "GC Thread#2" [stack: 0x00000030e5200000,0x00000030e5300000] [id=2444]
  0x000001bee347b800 GCTaskThread "GC Thread#3" [stack: 0x00000030e5300000,0x00000030e5400000] [id=6852]
  0x000001bebd16c000 ConcurrentGCThread "G1 Main Marker" [stack: 0x00000030e4000000,0x00000030e4100000] [id=13588]
  0x000001bebd16f000 ConcurrentGCThread "G1 Conc#0" [stack: 0x00000030e4100000,0x00000030e4200000] [id=13656]
  0x000001bebd1ce000 ConcurrentGCThread "G1 Refine#0" [stack: 0x00000030e4200000,0x00000030e4300000] [id=12196]
  0x000001bee351d800 ConcurrentGCThread "G1 Refine#1" [stack: 0x00000030e5400000,0x00000030e5500000] [id=9496]
  0x000001bee224b800 ConcurrentGCThread "G1 Young RemSet Sampling" [stack: 0x00000030e4300000,0x00000030e4400000] [id=16076]

Threads with active compile tasks:
C1 CompilerThread0   2197 3194       1       org.springframework.util.PropertyPlaceholderHelper::replacePlaceholders (14 bytes)

VM state:at safepoint (normal execution)

VM Mutex/Monitor currently owned by a thread:  ([mutex/lock_event])
[0x000001bebd0f6eb0] Threads_lock - owner thread: 0x000001bee2368800
[0x000001bebd0f8770] Heap_lock - owner thread: 0x000001bebd0f9000

Heap address: 0x0000000702600000, size: 4058 MB, Compressed Oops mode: Zero based, Oop shift amount: 3
Narrow klass base: 0x0000000800000000, Narrow klass shift: 0
Compressed class space size: 1073741824 Address: 0x0000000800000000

Heap:
 garbage-first heap   total 312320K, used 14139K [0x0000000702600000, 0x0000000800000000)
  region size 1024K, 8 young (8192K), 8 survivors (8192K)
 Metaspace       used 34828K, capacity 35823K, committed 35840K, reserved 1081344K
  class space    used 4464K, capacity 4862K, committed 4864K, reserved 1048576K
Heap Regions: E=young(eden), S=young(survivor), O=old, HS=humongous(starts), HC=humongous(continues), CS=collection set, F=free, A=archive, TAMS=top-at-mark-start (previous, next)
|   0|0x0000000702600000, 0x0000000702700000, 0x0000000702700000|100%|HS|  |TAMS 0x0000000702700000, 0x0000000702700000| Complete 
|   1|0x0000000702700000, 0x0000000702800000, 0x0000000702800000|100%| O|  |TAMS 0x0000000702800000, 0x0000000702800000| Untracked 
|   2|0x0000000702800000, 0x0000000702900000, 0x0000000702900000|100%| O|  |TAMS 0x0000000702900000, 0x0000000702900000| Untracked 
|   3|0x0000000702900000, 0x0000000702a00000, 0x0000000702a00000|100%| O|  |TAMS 0x0000000702a00000, 0x0000000702a00000| Untracked 
|   4|0x0000000702a00000, 0x0000000702b00000, 0x0000000702b00000|100%| O|  |TAMS 0x0000000702b00000, 0x0000000702b00000| Untracked 
|   5|0x0000000702b00000, 0x0000000702c00000, 0x0000000702c00000|100%| O|  |TAMS 0x0000000702c00000, 0x0000000702c00000| Untracked 
|   6|0x0000000702c00000, 0x0000000702c3d200, 0x0000000702d00000| 23%| O|  |TAMS 0x0000000702c3d200, 0x0000000702c3d200| Untracked 
|   7|0x0000000702d00000, 0x0000000702d00000, 0x0000000702e00000|  0%| F|  |TAMS 0x0000000702d00000, 0x0000000702d00000| Untracked 
|   8|0x0000000702e00000, 0x0000000702e00000, 0x0000000702f00000|  0%| F|  |TAMS 0x0000000702e00000, 0x0000000702e00000| Untracked 
|   9|0x0000000702f00000, 0x0000000702f00000, 0x0000000703000000|  0%| F|  |TAMS 0x0000000702f00000, 0x0000000702f00000| Untracked 
|  10|0x0000000703000000, 0x0000000703000000, 0x0000000703100000|  0%| F|  |TAMS 0x0000000703000000, 0x0000000703000000| Untracked 
|  11|0x0000000703100000, 0x0000000703100000, 0x0000000703200000|  0%| F|  |TAMS 0x0000000703100000, 0x0000000703100000| Untracked 
|  12|0x0000000703200000, 0x0000000703200000, 0x0000000703300000|  0%| F|  |TAMS 0x0000000703200000, 0x0000000703200000| Untracked 
|  13|0x0000000703300000, 0x0000000703300000, 0x0000000703400000|  0%| F|  |TAMS 0x0000000703300000, 0x0000000703300000| Untracked 
|  14|0x0000000703400000, 0x0000000703400000, 0x0000000703500000|  0%| F|  |TAMS 0x0000000703400000, 0x0000000703400000| Untracked 
|  15|0x0000000703500000, 0x0000000703500000, 0x0000000703600000|  0%| F|  |TAMS 0x0000000703500000, 0x0000000703500000| Untracked 
|  16|0x0000000703600000, 0x0000000703600000, 0x0000000703700000|  0%| F|  |TAMS 0x0000000703600000, 0x0000000703600000| Untracked 
|  17|0x0000000703700000, 0x0000000703700000, 0x0000000703800000|  0%| F|  |TAMS 0x0000000703700000, 0x0000000703700000| Untracked 
|  18|0x0000000703800000, 0x0000000703800000, 0x0000000703900000|  0%| F|  |TAMS 0x0000000703800000, 0x0000000703800000| Untracked 
|  19|0x0000000703900000, 0x0000000703900000, 0x0000000703a00000|  0%| F|  |TAMS 0x0000000703900000, 0x0000000703900000| Untracked 
|  20|0x0000000703a00000, 0x0000000703a00000, 0x0000000703b00000|  0%| F|  |TAMS 0x0000000703a00000, 0x0000000703a00000| Untracked 
|  21|0x0000000703b00000, 0x0000000703b00000, 0x0000000703c00000|  0%| F|  |TAMS 0x0000000703b00000, 0x0000000703b00000| Untracked 
|  22|0x0000000703c00000, 0x0000000703c00000, 0x0000000703d00000|  0%| F|  |TAMS 0x0000000703c00000, 0x0000000703c00000| Untracked 
|  23|0x0000000703d00000, 0x0000000703d00000, 0x0000000703e00000|  0%| F|  |TAMS 0x0000000703d00000, 0x0000000703d00000| Untracked 
|  24|0x0000000703e00000, 0x0000000703e00000, 0x0000000703f00000|  0%| F|  |TAMS 0x0000000703e00000, 0x0000000703e00000| Untracked 
|  25|0x0000000703f00000, 0x0000000703f00000, 0x0000000704000000|  0%| F|  |TAMS 0x0000000703f00000, 0x0000000703f00000| Untracked 
|  26|0x0000000704000000, 0x0000000704000000, 0x0000000704100000|  0%| F|  |TAMS 0x0000000704000000, 0x0000000704000000| Untracked 
|  27|0x0000000704100000, 0x0000000704100000, 0x0000000704200000|  0%| F|  |TAMS 0x0000000704100000, 0x0000000704100000| Untracked 
|  28|0x0000000704200000, 0x0000000704200000, 0x0000000704300000|  0%| F|  |TAMS 0x0000000704200000, 0x0000000704200000| Untracked 
|  29|0x0000000704300000, 0x0000000704300000, 0x0000000704400000|  0%| F|  |TAMS 0x0000000704300000, 0x0000000704300000| Untracked 
|  30|0x0000000704400000, 0x0000000704400000, 0x0000000704500000|  0%| F|  |TAMS 0x0000000704400000, 0x0000000704400000| Untracked 
|  31|0x0000000704500000, 0x0000000704500000, 0x0000000704600000|  0%| F|  |TAMS 0x0000000704500000, 0x0000000704500000| Untracked 
|  32|0x0000000704600000, 0x0000000704600000, 0x0000000704700000|  0%| F|  |TAMS 0x0000000704600000, 0x0000000704600000| Untracked 
|  33|0x0000000704700000, 0x0000000704700000, 0x0000000704800000|  0%| F|  |TAMS 0x0000000704700000, 0x0000000704700000| Untracked 
|  34|0x0000000704800000, 0x0000000704800000, 0x0000000704900000|  0%| F|  |TAMS 0x0000000704800000, 0x0000000704800000| Untracked 
|  35|0x0000000704900000, 0x0000000704900000, 0x0000000704a00000|  0%| F|  |TAMS 0x0000000704900000, 0x0000000704900000| Untracked 
|  36|0x0000000704a00000, 0x0000000704a00000, 0x0000000704b00000|  0%| F|  |TAMS 0x0000000704a00000, 0x0000000704a00000| Untracked 
|  37|0x0000000704b00000, 0x0000000704b00000, 0x0000000704c00000|  0%| F|  |TAMS 0x0000000704b00000, 0x0000000704b00000| Untracked 
|  38|0x0000000704c00000, 0x0000000704c00000, 0x0000000704d00000|  0%| F|  |TAMS 0x0000000704c00000, 0x0000000704c00000| Untracked 
|  39|0x0000000704d00000, 0x0000000704d00000, 0x0000000704e00000|  0%| F|  |TAMS 0x0000000704d00000, 0x0000000704d00000| Untracked 
|  40|0x0000000704e00000, 0x0000000704e00000, 0x0000000704f00000|  0%| F|  |TAMS 0x0000000704e00000, 0x0000000704e00000| Untracked 
|  41|0x0000000704f00000, 0x0000000704f00000, 0x0000000705000000|  0%| F|  |TAMS 0x0000000704f00000, 0x0000000704f00000| Untracked 
|  42|0x0000000705000000, 0x0000000705000000, 0x0000000705100000|  0%| F|  |TAMS 0x0000000705000000, 0x0000000705000000| Untracked 
|  43|0x0000000705100000, 0x0000000705100000, 0x0000000705200000|  0%| F|  |TAMS 0x0000000705100000, 0x0000000705100000| Untracked 
|  44|0x0000000705200000, 0x0000000705200000, 0x0000000705300000|  0%| F|  |TAMS 0x0000000705200000, 0x0000000705200000| Untracked 
|  45|0x0000000705300000, 0x0000000705300000, 0x0000000705400000|  0%| F|  |TAMS 0x0000000705300000, 0x0000000705300000| Untracked 
|  46|0x0000000705400000, 0x0000000705400000, 0x0000000705500000|  0%| F|  |TAMS 0x0000000705400000, 0x0000000705400000| Untracked 
|  47|0x0000000705500000, 0x0000000705500000, 0x0000000705600000|  0%| F|  |TAMS 0x0000000705500000, 0x0000000705500000| Untracked 
|  48|0x0000000705600000, 0x0000000705600000, 0x0000000705700000|  0%| F|  |TAMS 0x0000000705600000, 0x0000000705600000| Untracked 
|  49|0x0000000705700000, 0x0000000705700000, 0x0000000705800000|  0%| F|  |TAMS 0x0000000705700000, 0x0000000705700000| Untracked 
|  50|0x0000000705800000, 0x0000000705800000, 0x0000000705900000|  0%| F|  |TAMS 0x0000000705800000, 0x0000000705800000| Untracked 
|  51|0x0000000705900000, 0x0000000705900000, 0x0000000705a00000|  0%| F|  |TAMS 0x0000000705900000, 0x0000000705900000| Untracked 
|  52|0x0000000705a00000, 0x0000000705a00000, 0x0000000705b00000|  0%| F|  |TAMS 0x0000000705a00000, 0x0000000705a00000| Untracked 
|  53|0x0000000705b00000, 0x0000000705b00000, 0x0000000705c00000|  0%| F|  |TAMS 0x0000000705b00000, 0x0000000705b00000| Untracked 
|  54|0x0000000705c00000, 0x0000000705c00000, 0x0000000705d00000|  0%| F|  |TAMS 0x0000000705c00000, 0x0000000705c00000| Untracked 
|  55|0x0000000705d00000, 0x0000000705d00000, 0x0000000705e00000|  0%| F|  |TAMS 0x0000000705d00000, 0x0000000705d00000| Untracked 
|  56|0x0000000705e00000, 0x0000000705e00000, 0x0000000705f00000|  0%| F|  |TAMS 0x0000000705e00000, 0x0000000705e00000| Untracked 
|  57|0x0000000705f00000, 0x0000000705f00000, 0x0000000706000000|  0%| F|  |TAMS 0x0000000705f00000, 0x0000000705f00000| Untracked 
|  58|0x0000000706000000, 0x0000000706000000, 0x0000000706100000|  0%| F|  |TAMS 0x0000000706000000, 0x0000000706000000| Untracked 
|  59|0x0000000706100000, 0x0000000706100000, 0x0000000706200000|  0%| F|  |TAMS 0x0000000706100000, 0x0000000706100000| Untracked 
|  60|0x0000000706200000, 0x0000000706200000, 0x0000000706300000|  0%| F|  |TAMS 0x0000000706200000, 0x0000000706200000| Untracked 
|  61|0x0000000706300000, 0x0000000706300000, 0x0000000706400000|  0%| F|  |TAMS 0x0000000706300000, 0x0000000706300000| Untracked 
|  62|0x0000000706400000, 0x0000000706400000, 0x0000000706500000|  0%| F|  |TAMS 0x0000000706400000, 0x0000000706400000| Untracked 
|  63|0x0000000706500000, 0x0000000706500000, 0x0000000706600000|  0%| F|  |TAMS 0x0000000706500000, 0x0000000706500000| Untracked 
|  64|0x0000000706600000, 0x0000000706600000, 0x0000000706700000|  0%| F|  |TAMS 0x0000000706600000, 0x0000000706600000| Untracked 
|  65|0x0000000706700000, 0x0000000706700000, 0x0000000706800000|  0%| F|  |TAMS 0x0000000706700000, 0x0000000706700000| Untracked 
|  66|0x0000000706800000, 0x0000000706800000, 0x0000000706900000|  0%| F|  |TAMS 0x0000000706800000, 0x0000000706800000| Untracked 
|  67|0x0000000706900000, 0x0000000706900000, 0x0000000706a00000|  0%| F|  |TAMS 0x0000000706900000, 0x0000000706900000| Untracked 
|  68|0x0000000706a00000, 0x0000000706a00000, 0x0000000706b00000|  0%| F|  |TAMS 0x0000000706a00000, 0x0000000706a00000| Untracked 
|  69|0x0000000706b00000, 0x0000000706b00000, 0x0000000706c00000|  0%| F|  |TAMS 0x0000000706b00000, 0x0000000706b00000| Untracked 
|  70|0x0000000706c00000, 0x0000000706c00000, 0x0000000706d00000|  0%| F|  |TAMS 0x0000000706c00000, 0x0000000706c00000| Untracked 
|  71|0x0000000706d00000, 0x0000000706d00000, 0x0000000706e00000|  0%| F|  |TAMS 0x0000000706d00000, 0x0000000706d00000| Untracked 
|  72|0x0000000706e00000, 0x0000000706e00000, 0x0000000706f00000|  0%| F|  |TAMS 0x0000000706e00000, 0x0000000706e00000| Untracked 
|  73|0x0000000706f00000, 0x0000000706f00000, 0x0000000707000000|  0%| F|  |TAMS 0x0000000706f00000, 0x0000000706f00000| Untracked 
|  74|0x0000000707000000, 0x0000000707000000, 0x0000000707100000|  0%| F|  |TAMS 0x0000000707000000, 0x0000000707000000| Untracked 
|  75|0x0000000707100000, 0x0000000707100000, 0x0000000707200000|  0%| F|  |TAMS 0x0000000707100000, 0x0000000707100000| Untracked 
|  76|0x0000000707200000, 0x0000000707200000, 0x0000000707300000|  0%| F|  |TAMS 0x0000000707200000, 0x0000000707200000| Untracked 
|  77|0x0000000707300000, 0x0000000707300000, 0x0000000707400000|  0%| F|  |TAMS 0x0000000707300000, 0x0000000707300000| Untracked 
|  78|0x0000000707400000, 0x0000000707400000, 0x0000000707500000|  0%| F|  |TAMS 0x0000000707400000, 0x0000000707400000| Untracked 
|  79|0x0000000707500000, 0x0000000707500000, 0x0000000707600000|  0%| F|  |TAMS 0x0000000707500000, 0x0000000707500000| Untracked 
|  80|0x0000000707600000, 0x0000000707600000, 0x0000000707700000|  0%| F|  |TAMS 0x0000000707600000, 0x0000000707600000| Untracked 
|  81|0x0000000707700000, 0x0000000707700000, 0x0000000707800000|  0%| F|  |TAMS 0x0000000707700000, 0x0000000707700000| Untracked 
|  82|0x0000000707800000, 0x0000000707800000, 0x0000000707900000|  0%| F|  |TAMS 0x0000000707800000, 0x0000000707800000| Untracked 
|  83|0x0000000707900000, 0x0000000707900000, 0x0000000707a00000|  0%| F|  |TAMS 0x0000000707900000, 0x0000000707900000| Untracked 
|  84|0x0000000707a00000, 0x0000000707a00000, 0x0000000707b00000|  0%| F|  |TAMS 0x0000000707a00000, 0x0000000707a00000| Untracked 
|  85|0x0000000707b00000, 0x0000000707b00000, 0x0000000707c00000|  0%| F|  |TAMS 0x0000000707b00000, 0x0000000707b00000| Untracked 
|  86|0x0000000707c00000, 0x0000000707c00000, 0x0000000707d00000|  0%| F|  |TAMS 0x0000000707c00000, 0x0000000707c00000| Untracked 
|  87|0x0000000707d00000, 0x0000000707d00000, 0x0000000707e00000|  0%| F|  |TAMS 0x0000000707d00000, 0x0000000707d00000| Untracked 
|  88|0x0000000707e00000, 0x0000000707e00000, 0x0000000707f00000|  0%| F|  |TAMS 0x0000000707e00000, 0x0000000707e00000| Untracked 
|  89|0x0000000707f00000, 0x0000000707f00000, 0x0000000708000000|  0%| F|  |TAMS 0x0000000707f00000, 0x0000000707f00000| Untracked 
|  90|0x0000000708000000, 0x0000000708000000, 0x0000000708100000|  0%| F|  |TAMS 0x0000000708000000, 0x0000000708000000| Untracked 
|  91|0x0000000708100000, 0x0000000708100000, 0x0000000708200000|  0%| F|  |TAMS 0x0000000708100000, 0x0000000708100000| Untracked 
|  92|0x0000000708200000, 0x0000000708200000, 0x0000000708300000|  0%| F|  |TAMS 0x0000000708200000, 0x0000000708200000| Untracked 
|  93|0x0000000708300000, 0x0000000708300000, 0x0000000708400000|  0%| F|  |TAMS 0x0000000708300000, 0x0000000708300000| Untracked 
|  94|0x0000000708400000, 0x0000000708400000, 0x0000000708500000|  0%| F|  |TAMS 0x0000000708400000, 0x0000000708400000| Untracked 
|  95|0x0000000708500000, 0x0000000708500000, 0x0000000708600000|  0%| F|  |TAMS 0x0000000708500000, 0x0000000708500000| Untracked 
|  96|0x0000000708600000, 0x0000000708600000, 0x0000000708700000|  0%| F|  |TAMS 0x0000000708600000, 0x0000000708600000| Untracked 
|  97|0x0000000708700000, 0x0000000708700000, 0x0000000708800000|  0%| F|  |TAMS 0x0000000708700000, 0x0000000708700000| Untracked 
|  98|0x0000000708800000, 0x0000000708800000, 0x0000000708900000|  0%| F|  |TAMS 0x0000000708800000, 0x0000000708800000| Untracked 
|  99|0x0000000708900000, 0x0000000708900000, 0x0000000708a00000|  0%| F|  |TAMS 0x0000000708900000, 0x0000000708900000| Untracked 
| 100|0x0000000708a00000, 0x0000000708a00000, 0x0000000708b00000|  0%| F|  |TAMS 0x0000000708a00000, 0x0000000708a00000| Untracked 
| 101|0x0000000708b00000, 0x0000000708b00000, 0x0000000708c00000|  0%| F|  |TAMS 0x0000000708b00000, 0x0000000708b00000| Untracked 
| 102|0x0000000708c00000, 0x0000000708c00000, 0x0000000708d00000|  0%| F|  |TAMS 0x0000000708c00000, 0x0000000708c00000| Untracked 
| 103|0x0000000708d00000, 0x0000000708d00000, 0x0000000708e00000|  0%| F|  |TAMS 0x0000000708d00000, 0x0000000708d00000| Untracked 
| 104|0x0000000708e00000, 0x0000000708e00000, 0x0000000708f00000|  0%| F|  |TAMS 0x0000000708e00000, 0x0000000708e00000| Untracked 
| 105|0x0000000708f00000, 0x0000000708f00000, 0x0000000709000000|  0%| F|  |TAMS 0x0000000708f00000, 0x0000000708f00000| Untracked 
| 106|0x0000000709000000, 0x0000000709000000, 0x0000000709100000|  0%| F|  |TAMS 0x0000000709000000, 0x0000000709000000| Untracked 
| 107|0x0000000709100000, 0x0000000709100000, 0x0000000709200000|  0%| F|  |TAMS 0x0000000709100000, 0x0000000709100000| Untracked 
| 108|0x0000000709200000, 0x0000000709200000, 0x0000000709300000|  0%| F|  |TAMS 0x0000000709200000, 0x0000000709200000| Untracked 
| 109|0x0000000709300000, 0x0000000709300000, 0x0000000709400000|  0%| F|  |TAMS 0x0000000709300000, 0x0000000709300000| Untracked 
| 110|0x0000000709400000, 0x0000000709400000, 0x0000000709500000|  0%| F|  |TAMS 0x0000000709400000, 0x0000000709400000| Untracked 
| 111|0x0000000709500000, 0x0000000709500000, 0x0000000709600000|  0%| F|  |TAMS 0x0000000709500000, 0x0000000709500000| Untracked 
| 112|0x0000000709600000, 0x0000000709600000, 0x0000000709700000|  0%| F|  |TAMS 0x0000000709600000, 0x0000000709600000| Untracked 
| 113|0x0000000709700000, 0x0000000709700000, 0x0000000709800000|  0%| F|  |TAMS 0x0000000709700000, 0x0000000709700000| Untracked 
| 114|0x0000000709800000, 0x0000000709800000, 0x0000000709900000|  0%| F|  |TAMS 0x0000000709800000, 0x0000000709800000| Untracked 
| 115|0x0000000709900000, 0x0000000709900000, 0x0000000709a00000|  0%| F|  |TAMS 0x0000000709900000, 0x0000000709900000| Untracked 
| 116|0x0000000709a00000, 0x0000000709a00000, 0x0000000709b00000|  0%| F|  |TAMS 0x0000000709a00000, 0x0000000709a00000| Untracked 
| 117|0x0000000709b00000, 0x0000000709b00000, 0x0000000709c00000|  0%| F|  |TAMS 0x0000000709b00000, 0x0000000709b00000| Untracked 
| 118|0x0000000709c00000, 0x0000000709c00000, 0x0000000709d00000|  0%| F|  |TAMS 0x0000000709c00000, 0x0000000709c00000| Untracked 
| 119|0x0000000709d00000, 0x0000000709d00000, 0x0000000709e00000|  0%| F|  |TAMS 0x0000000709d00000, 0x0000000709d00000| Untracked 
| 120|0x0000000709e00000, 0x0000000709e00000, 0x0000000709f00000|  0%| F|  |TAMS 0x0000000709e00000, 0x0000000709e00000| Untracked 
| 121|0x0000000709f00000, 0x0000000709f00000, 0x000000070a000000|  0%| F|  |TAMS 0x0000000709f00000, 0x0000000709f00000| Untracked 
| 122|0x000000070a000000, 0x000000070a000000, 0x000000070a100000|  0%| F|  |TAMS 0x000000070a000000, 0x000000070a000000| Untracked 
| 123|0x000000070a100000, 0x000000070a100000, 0x000000070a200000|  0%| F|  |TAMS 0x000000070a100000, 0x000000070a100000| Untracked 
| 124|0x000000070a200000, 0x000000070a200000, 0x000000070a300000|  0%| F|  |TAMS 0x000000070a200000, 0x000000070a200000| Untracked 
| 125|0x000000070a300000, 0x000000070a300000, 0x000000070a400000|  0%| F|  |TAMS 0x000000070a300000, 0x000000070a300000| Untracked 
| 126|0x000000070a400000, 0x000000070a400000, 0x000000070a500000|  0%| F|  |TAMS 0x000000070a400000, 0x000000070a400000| Untracked 
| 127|0x000000070a500000, 0x000000070a500000, 0x000000070a600000|  0%| F|  |TAMS 0x000000070a500000, 0x000000070a500000| Untracked 
| 128|0x000000070a600000, 0x000000070a600000, 0x000000070a700000|  0%| F|  |TAMS 0x000000070a600000, 0x000000070a600000| Untracked 
| 129|0x000000070a700000, 0x000000070a700000, 0x000000070a800000|  0%| F|  |TAMS 0x000000070a700000, 0x000000070a700000| Untracked 
| 130|0x000000070a800000, 0x000000070a800000, 0x000000070a900000|  0%| F|  |TAMS 0x000000070a800000, 0x000000070a800000| Untracked 
| 131|0x000000070a900000, 0x000000070a900000, 0x000000070aa00000|  0%| F|  |TAMS 0x000000070a900000, 0x000000070a900000| Untracked 
| 132|0x000000070aa00000, 0x000000070aa00000, 0x000000070ab00000|  0%| F|  |TAMS 0x000000070aa00000, 0x000000070aa00000| Untracked 
| 133|0x000000070ab00000, 0x000000070ab00000, 0x000000070ac00000|  0%| F|  |TAMS 0x000000070ab00000, 0x000000070ab00000| Untracked 
| 134|0x000000070ac00000, 0x000000070ac00000, 0x000000070ad00000|  0%| F|  |TAMS 0x000000070ac00000, 0x000000070ac00000| Untracked 
| 135|0x000000070ad00000, 0x000000070ad00000, 0x000000070ae00000|  0%| F|  |TAMS 0x000000070ad00000, 0x000000070ad00000| Untracked 
| 136|0x000000070ae00000, 0x000000070ae00000, 0x000000070af00000|  0%| F|  |TAMS 0x000000070ae00000, 0x000000070ae00000| Untracked 
| 137|0x000000070af00000, 0x000000070af00000, 0x000000070b000000|  0%| F|  |TAMS 0x000000070af00000, 0x000000070af00000| Untracked 
| 138|0x000000070b000000, 0x000000070b000000, 0x000000070b100000|  0%| F|  |TAMS 0x000000070b000000, 0x000000070b000000| Untracked 
| 139|0x000000070b100000, 0x000000070b100000, 0x000000070b200000|  0%| F|  |TAMS 0x000000070b100000, 0x000000070b100000| Untracked 
| 140|0x000000070b200000, 0x000000070b200000, 0x000000070b300000|  0%| F|  |TAMS 0x000000070b200000, 0x000000070b200000| Untracked 
| 141|0x000000070b300000, 0x000000070b300000, 0x000000070b400000|  0%| F|  |TAMS 0x000000070b300000, 0x000000070b300000| Untracked 
| 142|0x000000070b400000, 0x000000070b400000, 0x000000070b500000|  0%| F|  |TAMS 0x000000070b400000, 0x000000070b400000| Untracked 
| 143|0x000000070b500000, 0x000000070b500000, 0x000000070b600000|  0%| F|  |TAMS 0x000000070b500000, 0x000000070b500000| Untracked 
| 144|0x000000070b600000, 0x000000070b600000, 0x000000070b700000|  0%| F|  |TAMS 0x000000070b600000, 0x000000070b600000| Untracked 
| 145|0x000000070b700000, 0x000000070b700000, 0x000000070b800000|  0%| F|  |TAMS 0x000000070b700000, 0x000000070b700000| Untracked 
| 146|0x000000070b800000, 0x000000070b891cb0, 0x000000070b900000| 56%| S|CS|TAMS 0x000000070b800000, 0x000000070b800000| Complete 
| 147|0x000000070b900000, 0x000000070ba00000, 0x000000070ba00000|100%| S|CS|TAMS 0x000000070b900000, 0x000000070b900000| Complete 
| 148|0x000000070ba00000, 0x000000070bb00000, 0x000000070bb00000|100%| S|CS|TAMS 0x000000070ba00000, 0x000000070ba00000| Complete 
| 149|0x000000070bb00000, 0x000000070bc00000, 0x000000070bc00000|100%| S|CS|TAMS 0x000000070bb00000, 0x000000070bb00000| Complete 
| 150|0x000000070bc00000, 0x000000070bd00000, 0x000000070bd00000|100%| S|CS|TAMS 0x000000070bc00000, 0x000000070bc00000| Complete 
| 151|0x000000070bd00000, 0x000000070be00000, 0x000000070be00000|100%| S|CS|TAMS 0x000000070bd00000, 0x000000070bd00000| Complete 
| 152|0x000000070be00000, 0x000000070bf00000, 0x000000070bf00000|100%| S|CS|TAMS 0x000000070be00000, 0x000000070be00000| Complete 
| 153|0x000000070bf00000, 0x000000070c000000, 0x000000070c000000|100%| S|CS|TAMS 0x000000070bf00000, 0x000000070bf00000| Complete 
| 154|0x000000070c000000, 0x000000070c000000, 0x000000070c100000|  0%| F|  |TAMS 0x000000070c000000, 0x000000070c000000| Untracked 
| 155|0x000000070c100000, 0x000000070c100000, 0x000000070c200000|  0%| F|  |TAMS 0x000000070c100000, 0x000000070c100000| Untracked 
| 156|0x000000070c200000, 0x000000070c200000, 0x000000070c300000|  0%| F|  |TAMS 0x000000070c200000, 0x000000070c200000| Untracked 
| 157|0x000000070c300000, 0x000000070c300000, 0x000000070c400000|  0%| F|  |TAMS 0x000000070c300000, 0x000000070c300000| Untracked 
| 158|0x000000070c400000, 0x000000070c400000, 0x000000070c500000|  0%| F|  |TAMS 0x000000070c400000, 0x000000070c400000| Untracked 
| 159|0x000000070c500000, 0x000000070c500000, 0x000000070c600000|  0%| F|  |TAMS 0x000000070c500000, 0x000000070c500000| Untracked 
| 160|0x000000070c600000, 0x000000070c600000, 0x000000070c700000|  0%| F|  |TAMS 0x000000070c600000, 0x000000070c600000| Untracked 
| 161|0x000000070c700000, 0x000000070c700000, 0x000000070c800000|  0%| F|  |TAMS 0x000000070c700000, 0x000000070c700000| Untracked 
| 162|0x000000070c800000, 0x000000070c800000, 0x000000070c900000|  0%| F|  |TAMS 0x000000070c800000, 0x000000070c800000| Untracked 
| 163|0x000000070c900000, 0x000000070c900000, 0x000000070ca00000|  0%| F|  |TAMS 0x000000070c900000, 0x000000070c900000| Untracked 
| 164|0x000000070ca00000, 0x000000070ca00000, 0x000000070cb00000|  0%| F|  |TAMS 0x000000070ca00000, 0x000000070ca00000| Untracked 
| 165|0x000000070cb00000, 0x000000070cb00000, 0x000000070cc00000|  0%| F|  |TAMS 0x000000070cb00000, 0x000000070cb00000| Untracked 
| 166|0x000000070cc00000, 0x000000070cc00000, 0x000000070cd00000|  0%| F|  |TAMS 0x000000070cc00000, 0x000000070cc00000| Untracked 
| 167|0x000000070cd00000, 0x000000070cd00000, 0x000000070ce00000|  0%| F|  |TAMS 0x000000070cd00000, 0x000000070cd00000| Untracked 
| 168|0x000000070ce00000, 0x000000070ce00000, 0x000000070cf00000|  0%| F|  |TAMS 0x000000070ce00000, 0x000000070ce00000| Untracked 
| 169|0x000000070cf00000, 0x000000070cf00000, 0x000000070d000000|  0%| F|  |TAMS 0x000000070cf00000, 0x000000070cf00000| Untracked 
| 170|0x000000070d000000, 0x000000070d000000, 0x000000070d100000|  0%| F|  |TAMS 0x000000070d000000, 0x000000070d000000| Untracked 
| 171|0x000000070d100000, 0x000000070d100000, 0x000000070d200000|  0%| F|  |TAMS 0x000000070d100000, 0x000000070d100000| Untracked 
| 172|0x000000070d200000, 0x000000070d200000, 0x000000070d300000|  0%| F|  |TAMS 0x000000070d200000, 0x000000070d200000| Untracked 
| 173|0x000000070d300000, 0x000000070d300000, 0x000000070d400000|  0%| F|  |TAMS 0x000000070d300000, 0x000000070d300000| Untracked 
| 174|0x000000070d400000, 0x000000070d400000, 0x000000070d500000|  0%| F|  |TAMS 0x000000070d400000, 0x000000070d400000| Untracked 
| 175|0x000000070d500000, 0x000000070d500000, 0x000000070d600000|  0%| F|  |TAMS 0x000000070d500000, 0x000000070d500000| Untracked 
| 176|0x000000070d600000, 0x000000070d600000, 0x000000070d700000|  0%| F|  |TAMS 0x000000070d600000, 0x000000070d600000| Untracked 
| 177|0x000000070d700000, 0x000000070d700000, 0x000000070d800000|  0%| F|  |TAMS 0x000000070d700000, 0x000000070d700000| Untracked 
| 178|0x000000070d800000, 0x000000070d800000, 0x000000070d900000|  0%| F|  |TAMS 0x000000070d800000, 0x000000070d800000| Untracked 
| 179|0x000000070d900000, 0x000000070d900000, 0x000000070da00000|  0%| F|  |TAMS 0x000000070d900000, 0x000000070d900000| Untracked 
| 180|0x000000070da00000, 0x000000070da00000, 0x000000070db00000|  0%| F|  |TAMS 0x000000070da00000, 0x000000070da00000| Untracked 
| 181|0x000000070db00000, 0x000000070db00000, 0x000000070dc00000|  0%| F|  |TAMS 0x000000070db00000, 0x000000070db00000| Untracked 
| 182|0x000000070dc00000, 0x000000070dc00000, 0x000000070dd00000|  0%| F|  |TAMS 0x000000070dc00000, 0x000000070dc00000| Untracked 
| 183|0x000000070dd00000, 0x000000070dd00000, 0x000000070de00000|  0%| F|  |TAMS 0x000000070dd00000, 0x000000070dd00000| Untracked 
| 184|0x000000070de00000, 0x000000070de00000, 0x000000070df00000|  0%| F|  |TAMS 0x000000070de00000, 0x000000070de00000| Untracked 
| 185|0x000000070df00000, 0x000000070df00000, 0x000000070e000000|  0%| F|  |TAMS 0x000000070df00000, 0x000000070df00000| Untracked 
| 186|0x000000070e000000, 0x000000070e000000, 0x000000070e100000|  0%| F|  |TAMS 0x000000070e000000, 0x000000070e000000| Untracked 
| 187|0x000000070e100000, 0x000000070e100000, 0x000000070e200000|  0%| F|  |TAMS 0x000000070e100000, 0x000000070e100000| Untracked 
| 188|0x000000070e200000, 0x000000070e200000, 0x000000070e300000|  0%| F|  |TAMS 0x000000070e200000, 0x000000070e200000| Untracked 
| 189|0x000000070e300000, 0x000000070e300000, 0x000000070e400000|  0%| F|  |TAMS 0x000000070e300000, 0x000000070e300000| Untracked 
| 190|0x000000070e400000, 0x000000070e400000, 0x000000070e500000|  0%| F|  |TAMS 0x000000070e400000, 0x000000070e400000| Untracked 
| 191|0x000000070e500000, 0x000000070e500000, 0x000000070e600000|  0%| F|  |TAMS 0x000000070e500000, 0x000000070e500000| Untracked 
| 192|0x000000070e600000, 0x000000070e600000, 0x000000070e700000|  0%| F|  |TAMS 0x000000070e600000, 0x000000070e600000| Untracked 
| 193|0x000000070e700000, 0x000000070e700000, 0x000000070e800000|  0%| F|  |TAMS 0x000000070e700000, 0x000000070e700000| Untracked 
| 194|0x000000070e800000, 0x000000070e800000, 0x000000070e900000|  0%| F|  |TAMS 0x000000070e800000, 0x000000070e800000| Untracked 
| 195|0x000000070e900000, 0x000000070e900000, 0x000000070ea00000|  0%| F|  |TAMS 0x000000070e900000, 0x000000070e900000| Untracked 
| 196|0x000000070ea00000, 0x000000070ea00000, 0x000000070eb00000|  0%| F|  |TAMS 0x000000070ea00000, 0x000000070ea00000| Untracked 
| 197|0x000000070eb00000, 0x000000070eb00000, 0x000000070ec00000|  0%| F|  |TAMS 0x000000070eb00000, 0x000000070eb00000| Untracked 
| 198|0x000000070ec00000, 0x000000070ec00000, 0x000000070ed00000|  0%| F|  |TAMS 0x000000070ec00000, 0x000000070ec00000| Untracked 
| 199|0x000000070ed00000, 0x000000070ed00000, 0x000000070ee00000|  0%| F|  |TAMS 0x000000070ed00000, 0x000000070ed00000| Untracked 
| 200|0x000000070ee00000, 0x000000070ee00000, 0x000000070ef00000|  0%| F|  |TAMS 0x000000070ee00000, 0x000000070ee00000| Untracked 
| 201|0x000000070ef00000, 0x000000070ef00000, 0x000000070f000000|  0%| F|  |TAMS 0x000000070ef00000, 0x000000070ef00000| Untracked 
| 202|0x000000070f000000, 0x000000070f000000, 0x000000070f100000|  0%| F|  |TAMS 0x000000070f000000, 0x000000070f000000| Untracked 
| 203|0x000000070f100000, 0x000000070f100000, 0x000000070f200000|  0%| F|  |TAMS 0x000000070f100000, 0x000000070f100000| Untracked 
| 204|0x000000070f200000, 0x000000070f200000, 0x000000070f300000|  0%| F|  |TAMS 0x000000070f200000, 0x000000070f200000| Untracked 
| 205|0x000000070f300000, 0x000000070f300000, 0x000000070f400000|  0%| F|  |TAMS 0x000000070f300000, 0x000000070f300000| Untracked 
| 206|0x000000070f400000, 0x000000070f400000, 0x000000070f500000|  0%| F|  |TAMS 0x000000070f400000, 0x000000070f400000| Untracked 
| 207|0x000000070f500000, 0x000000070f500000, 0x000000070f600000|  0%| F|  |TAMS 0x000000070f500000, 0x000000070f500000| Untracked 
| 208|0x000000070f600000, 0x000000070f600000, 0x000000070f700000|  0%| F|  |TAMS 0x000000070f600000, 0x000000070f600000| Untracked 
| 209|0x000000070f700000, 0x000000070f700000, 0x000000070f800000|  0%| F|  |TAMS 0x000000070f700000, 0x000000070f700000| Untracked 
| 210|0x000000070f800000, 0x000000070f800000, 0x000000070f900000|  0%| F|  |TAMS 0x000000070f800000, 0x000000070f800000| Untracked 
| 211|0x000000070f900000, 0x000000070f900000, 0x000000070fa00000|  0%| F|  |TAMS 0x000000070f900000, 0x000000070f900000| Untracked 
| 212|0x000000070fa00000, 0x000000070fa00000, 0x000000070fb00000|  0%| F|  |TAMS 0x000000070fa00000, 0x000000070fa00000| Untracked 
| 213|0x000000070fb00000, 0x000000070fb00000, 0x000000070fc00000|  0%| F|  |TAMS 0x000000070fb00000, 0x000000070fb00000| Untracked 
| 214|0x000000070fc00000, 0x000000070fc00000, 0x000000070fd00000|  0%| F|  |TAMS 0x000000070fc00000, 0x000000070fc00000| Untracked 
| 215|0x000000070fd00000, 0x000000070fd00000, 0x000000070fe00000|  0%| F|  |TAMS 0x000000070fd00000, 0x000000070fd00000| Untracked 
| 216|0x000000070fe00000, 0x000000070fe00000, 0x000000070ff00000|  0%| F|  |TAMS 0x000000070fe00000, 0x000000070fe00000| Untracked 
| 217|0x000000070ff00000, 0x000000070ff00000, 0x0000000710000000|  0%| F|  |TAMS 0x000000070ff00000, 0x000000070ff00000| Untracked 
| 218|0x0000000710000000, 0x0000000710000000, 0x0000000710100000|  0%| F|  |TAMS 0x0000000710000000, 0x0000000710000000| Untracked 
| 219|0x0000000710100000, 0x0000000710100000, 0x0000000710200000|  0%| F|  |TAMS 0x0000000710100000, 0x0000000710100000| Untracked 
| 220|0x0000000710200000, 0x0000000710200000, 0x0000000710300000|  0%| F|  |TAMS 0x0000000710200000, 0x0000000710200000| Untracked 
| 221|0x0000000710300000, 0x0000000710300000, 0x0000000710400000|  0%| F|  |TAMS 0x0000000710300000, 0x0000000710300000| Untracked 
| 222|0x0000000710400000, 0x0000000710400000, 0x0000000710500000|  0%| F|  |TAMS 0x0000000710400000, 0x0000000710400000| Untracked 
| 223|0x0000000710500000, 0x0000000710500000, 0x0000000710600000|  0%| F|  |TAMS 0x0000000710500000, 0x0000000710500000| Untracked 
| 224|0x0000000710600000, 0x0000000710600000, 0x0000000710700000|  0%| F|  |TAMS 0x0000000710600000, 0x0000000710600000| Untracked 
| 225|0x0000000710700000, 0x0000000710700000, 0x0000000710800000|  0%| F|  |TAMS 0x0000000710700000, 0x0000000710700000| Untracked 
| 226|0x0000000710800000, 0x0000000710800000, 0x0000000710900000|  0%| F|  |TAMS 0x0000000710800000, 0x0000000710800000| Untracked 
| 227|0x0000000710900000, 0x0000000710900000, 0x0000000710a00000|  0%| F|  |TAMS 0x0000000710900000, 0x0000000710900000| Untracked 
| 228|0x0000000710a00000, 0x0000000710a00000, 0x0000000710b00000|  0%| F|  |TAMS 0x0000000710a00000, 0x0000000710a00000| Untracked 
| 229|0x0000000710b00000, 0x0000000710b00000, 0x0000000710c00000|  0%| F|  |TAMS 0x0000000710b00000, 0x0000000710b00000| Untracked 
| 230|0x0000000710c00000, 0x0000000710c00000, 0x0000000710d00000|  0%| F|  |TAMS 0x0000000710c00000, 0x0000000710c00000| Untracked 
| 231|0x0000000710d00000, 0x0000000710d00000, 0x0000000710e00000|  0%| F|  |TAMS 0x0000000710d00000, 0x0000000710d00000| Untracked 
| 232|0x0000000710e00000, 0x0000000710e00000, 0x0000000710f00000|  0%| F|  |TAMS 0x0000000710e00000, 0x0000000710e00000| Untracked 
| 233|0x0000000710f00000, 0x0000000710f00000, 0x0000000711000000|  0%| F|  |TAMS 0x0000000710f00000, 0x0000000710f00000| Untracked 
| 234|0x0000000711000000, 0x0000000711000000, 0x0000000711100000|  0%| F|  |TAMS 0x0000000711000000, 0x0000000711000000| Untracked 
| 235|0x0000000711100000, 0x0000000711100000, 0x0000000711200000|  0%| F|  |TAMS 0x0000000711100000, 0x0000000711100000| Untracked 
| 236|0x0000000711200000, 0x0000000711200000, 0x0000000711300000|  0%| F|  |TAMS 0x0000000711200000, 0x0000000711200000| Untracked 
| 237|0x0000000711300000, 0x0000000711300000, 0x0000000711400000|  0%| F|  |TAMS 0x0000000711300000, 0x0000000711300000| Untracked 
| 238|0x0000000711400000, 0x0000000711400000, 0x0000000711500000|  0%| F|  |TAMS 0x0000000711400000, 0x0000000711400000| Untracked 
| 239|0x0000000711500000, 0x0000000711500000, 0x0000000711600000|  0%| F|  |TAMS 0x0000000711500000, 0x0000000711500000| Untracked 
| 240|0x0000000711600000, 0x0000000711600000, 0x0000000711700000|  0%| F|  |TAMS 0x0000000711600000, 0x0000000711600000| Untracked 
| 241|0x0000000711700000, 0x0000000711700000, 0x0000000711800000|  0%| F|  |TAMS 0x0000000711700000, 0x0000000711700000| Untracked 
| 242|0x0000000711800000, 0x0000000711800000, 0x0000000711900000|  0%| F|  |TAMS 0x0000000711800000, 0x0000000711800000| Untracked 
| 243|0x0000000711900000, 0x0000000711900000, 0x0000000711a00000|  0%| F|  |TAMS 0x0000000711900000, 0x0000000711900000| Untracked 
| 244|0x0000000711a00000, 0x0000000711a00000, 0x0000000711b00000|  0%| F|  |TAMS 0x0000000711a00000, 0x0000000711a00000| Untracked 
| 245|0x0000000711b00000, 0x0000000711b00000, 0x0000000711c00000|  0%| F|  |TAMS 0x0000000711b00000, 0x0000000711b00000| Untracked 
| 246|0x0000000711c00000, 0x0000000711c00000, 0x0000000711d00000|  0%| F|  |TAMS 0x0000000711c00000, 0x0000000711c00000| Untracked 
| 247|0x0000000711d00000, 0x0000000711d00000, 0x0000000711e00000|  0%| F|  |TAMS 0x0000000711d00000, 0x0000000711d00000| Untracked 
| 248|0x0000000711e00000, 0x0000000711e00000, 0x0000000711f00000|  0%| F|  |TAMS 0x0000000711e00000, 0x0000000711e00000| Untracked 
| 249|0x0000000711f00000, 0x0000000711f00000, 0x0000000712000000|  0%| F|  |TAMS 0x0000000711f00000, 0x0000000711f00000| Untracked 
| 250|0x0000000712000000, 0x0000000712000000, 0x0000000712100000|  0%| F|  |TAMS 0x0000000712000000, 0x0000000712000000| Untracked 
| 251|0x0000000712100000, 0x0000000712100000, 0x0000000712200000|  0%| F|  |TAMS 0x0000000712100000, 0x0000000712100000| Untracked 
| 252|0x0000000712200000, 0x0000000712200000, 0x0000000712300000|  0%| F|  |TAMS 0x0000000712200000, 0x0000000712200000| Untracked 
| 253|0x0000000712300000, 0x0000000712300000, 0x0000000712400000|  0%| F|  |TAMS 0x0000000712300000, 0x0000000712300000| Untracked 

Card table byte_map: [0x000001bed6e10000,0x000001bed7600000] _byte_map_base: 0x000001bed35fd000

Marking Bits (Prev, Next): (CMBitMap*) 0x000001bebd15b8b0, (CMBitMap*) 0x000001bebd15b878
 Prev Bits: [0x000001bedbd60000, 0x000001bedfcc8000)
 Next Bits: [0x000001bed7df0000, 0x000001bedbd58000)

Polling page: 0x000001bebcf60000

Metaspace:

Usage:
  Non-class:     30.24 MB capacity,    29.65 MB ( 98%) used,   477.98 KB (  2%) free+waste,   119.31 KB ( <1%) overhead. 
      Class:      4.75 MB capacity,     4.36 MB ( 92%) used,   337.18 KB (  7%) free+waste,    60.31 KB (  1%) overhead. 
       Both:     34.98 MB capacity,    34.01 MB ( 97%) used,   815.16 KB (  2%) free+waste,   179.63 KB ( <1%) overhead. 

Virtual space:
  Non-class space:       32.00 MB reserved,      30.25 MB ( 95%) committed 
      Class space:        1.00 GB reserved,       4.75 MB ( <1%) committed 
             Both:        1.03 GB reserved,      35.00 MB (  3%) committed 

Chunk freelists:
   Non-Class:  15.00 KB
       Class:  2.00 KB
        Both:  17.00 KB

MaxMetaspaceSize: 17179869184.00 GB
CompressedClassSpaceSize: 1.00 GB

CodeHeap 'non-profiled nmethods': size=238912Kb used=4977Kb max_used=4977Kb free=233934Kb
 bounds [0x000001bec76a0000, 0x000001bec7b80000, 0x000001bed5ff0000]
CodeHeap 'non-nmethods': size=6848Kb used=1167Kb max_used=1167Kb free=5680Kb
 bounds [0x000001bec6ff0000, 0x000001bec7260000, 0x000001bec76a0000]
 total_blobs=3688 nmethods=3193 adapters=420
 compilation: enabled
              stopped_count=0, restarted_count=0
 full_count=0

Compilation events (20 events):
Event: 2.167 Thread 0x000001bee2c7a000 nmethod 3183 0x000001bec7b77d90 code [0x000001bec7b77f40, 0x000001bec7b78058]
Event: 2.167 Thread 0x000001bee2c7a000 3184       1       org.springframework.cglib.core.ReflectUtils$6::getSignature (5 bytes)
Event: 2.167 Thread 0x000001bee2c7a000 nmethod 3184 0x000001bec7b78110 code [0x000001bec7b782c0, 0x000001bec7b78378]
Event: 2.167 Thread 0x000001bee2c7a000 3186       1       org.springframework.asm.Label::<init> (5 bytes)
Event: 2.167 Thread 0x000001bee2c7a000 nmethod 3186 0x000001bec7b78410 code [0x000001bec7b785c0, 0x000001bec7b78678]
Event: 2.167 Thread 0x000001bee2c7a000 3189       1       org.springframework.asm.Frame::pop (42 bytes)
Event: 2.167 Thread 0x000001bee2c7a000 nmethod 3189 0x000001bec7b78710 code [0x000001bec7b788c0, 0x000001bec7b789d8]
Event: 2.167 Thread 0x000001bee2c7a000 3188       1       org.springframework.cglib.core.ClassEmitter$1::getType (5 bytes)
Event: 2.167 Thread 0x000001bee2c7a000 nmethod 3188 0x000001bec7b78a90 code [0x000001bec7b78c40, 0x000001bec7b78cf8]
Event: 2.167 Thread 0x000001bee2c7a000 3180       1       sun.nio.fs.WindowsPath::normalize (5 bytes)
Event: 2.167 Thread 0x000001bee2c7a000 nmethod 3180 0x000001bec7b78d90 code [0x000001bec7b78f40, 0x000001bec7b79008]
Event: 2.175 Thread 0x000001bee2c7a000 3190       1       org.springframework.util.PropertyPlaceholderHelper::parseStringValue (423 bytes)
Event: 2.176 Thread 0x000001bee2c7a000 nmethod 3190 0x000001bec7b79090 code [0x000001bec7b79500, 0x000001bec7b7a998]
Event: 2.176 Thread 0x000001bee2c7a000 3191       1       org.springframework.core.env.AbstractPropertyResolver::doResolvePlaceholders (12 bytes)
Event: 2.177 Thread 0x000001bee2c7a000 nmethod 3191 0x000001bec7b7b810 code [0x000001bec7b7b9e0, 0x000001bec7b7bc78]
Event: 2.177 Thread 0x000001bee2c7a000 3192       1       org.springframework.core.env.AbstractPropertyResolver$$Lambda$264/0x0000000800273440::get$Lambda (9 bytes)
Event: 2.177 Thread 0x000001bee2c7a000 nmethod 3192 0x000001bec7b7be10 code [0x000001bec7b7bfc0, 0x000001bec7b7c118]
Event: 2.177 Thread 0x000001bee2c7a000 3193       1       org.springframework.core.env.AbstractPropertyResolver$$Lambda$264/0x0000000800273440::<init> (10 bytes)
Event: 2.177 Thread 0x000001bee2c7a000 nmethod 3193 0x000001bec7b7c190 code [0x000001bec7b7c340, 0x000001bec7b7c458]
Event: 2.177 Thread 0x000001bee2c7a000 3194       1       org.springframework.util.PropertyPlaceholderHelper::replacePlaceholders (14 bytes)

GC Heap History (11 events):
Event: 0.577 GC heap before
{Heap before GC invocations=0 (full 0):
 garbage-first heap   total 260096K, used 14336K [0x0000000702600000, 0x0000000800000000)
  region size 1024K, 14 young (14336K), 0 survivors (0K)
 Metaspace       used 11787K, capacity 12066K, committed 12160K, reserved 1060864K
  class space    used 1250K, capacity 1369K, committed 1408K, reserved 1048576K
}
Event: 0.580 GC heap after
{Heap after GC invocations=1 (full 0):
 garbage-first heap   total 260096K, used 6375K [0x0000000702600000, 0x0000000800000000)
  region size 1024K, 2 young (2048K), 2 survivors (2048K)
 Metaspace       used 11787K, capacity 12066K, committed 12160K, reserved 1060864K
  class space    used 1250K, capacity 1369K, committed 1408K, reserved 1048576K
}
Event: 0.717 GC heap before
{Heap before GC invocations=1 (full 0):
 garbage-first heap   total 260096K, used 16615K [0x0000000702600000, 0x0000000800000000)
  region size 1024K, 12 young (12288K), 2 survivors (2048K)
 Metaspace       used 14151K, capacity 14500K, committed 14720K, reserved 1062912K
  class space    used 1507K, capacity 1650K, committed 1664K, reserved 1048576K
}
Event: 0.720 GC heap after
{Heap after GC invocations=2 (full 0):
 garbage-first heap   total 260096K, used 7520K [0x0000000702600000, 0x0000000800000000)
  region size 1024K, 2 young (2048K), 2 survivors (2048K)
 Metaspace       used 14151K, capacity 14500K, committed 14720K, reserved 1062912K
  class space    used 1507K, capacity 1650K, committed 1664K, reserved 1048576K
}
Event: 1.059 GC heap before
{Heap before GC invocations=2 (full 0):
 garbage-first heap   total 260096K, used 36192K [0x0000000702600000, 0x0000000800000000)
  region size 1024K, 30 young (30720K), 2 survivors (2048K)
 Metaspace       used 19217K, capacity 19854K, committed 19968K, reserved 1067008K
  class space    used 2244K, capacity 2479K, committed 2560K, reserved 1048576K
}
Event: 1.062 GC heap after
{Heap after GC invocations=3 (full 0):
 garbage-first heap   total 260096K, used 8950K [0x0000000702600000, 0x0000000800000000)
  region size 1024K, 3 young (3072K), 3 survivors (3072K)
 Metaspace       used 19217K, capacity 19854K, committed 19968K, reserved 1067008K
  class space    used 2244K, capacity 2479K, committed 2560K, reserved 1048576K
}
Event: 1.142 GC heap before
{Heap before GC invocations=3 (full 0):
 garbage-first heap   total 260096K, used 18166K [0x0000000702600000, 0x0000000800000000)
  region size 1024K, 13 young (13312K), 3 survivors (3072K)
 Metaspace       used 20406K, capacity 21118K, committed 21248K, reserved 1067008K
  class space    used 2430K, capacity 2709K, committed 2816K, reserved 1048576K
}
Event: 1.145 GC heap after
{Heap after GC invocations=4 (full 0):
 garbage-first heap   total 260096K, used 9163K [0x0000000702600000, 0x0000000800000000)
  region size 1024K, 3 young (3072K), 3 survivors (3072K)
 Metaspace       used 20406K, capacity 21118K, committed 21248K, reserved 1067008K
  class space    used 2430K, capacity 2709K, committed 2816K, reserved 1048576K
}
Event: 1.447 GC heap before
{Heap before GC invocations=5 (full 0):
 garbage-first heap   total 260096K, used 99275K [0x0000000702600000, 0x0000000800000000)
  region size 1024K, 92 young (94208K), 3 survivors (3072K)
 Metaspace       used 26166K, capacity 27079K, committed 27264K, reserved 1073152K
  class space    used 3324K, capacity 3673K, committed 3712K, reserved 1048576K
}
Event: 1.451 GC heap after
{Heap after GC invocations=6 (full 0):
 garbage-first heap   total 260096K, used 10991K [0x0000000702600000, 0x0000000800000000)
  region size 1024K, 5 young (5120K), 5 survivors (5120K)
 Metaspace       used 26166K, capacity 27079K, committed 27264K, reserved 1073152K
  class space    used 3324K, capacity 3673K, committed 3712K, reserved 1048576K
}
Event: 2.177 GC heap before
{Heap before GC invocations=6 (full 0):
 garbage-first heap   total 260096K, used 107247K [0x0000000702600000, 0x0000000800000000)
  region size 1024K, 100 young (102400K), 5 survivors (5120K)
 Metaspace       used 34828K, capacity 35823K, committed 35840K, reserved 1081344K
  class space    used 4464K, capacity 4862K, committed 4864K, reserved 1048576K
}

Deoptimization events (2 events):
Event: 1.959 Thread 0x000001bebd0f9000 DEOPT PACKING pc=0x000001bec79a3aac sp=0x00000030e3efd690
Event: 1.959 Thread 0x000001bebd0f9000 DEOPT UNPACKING pc=0x000001bec701705e sp=0x00000030e3efcbf8 mode 0

Classes redefined (0 events):
No events

Internal exceptions (20 events):
Event: 1.328 Thread 0x000001bebd0f9000 Exception <a 'java/lang/ClassNotFoundException'{0x00000007101af150}: org/springframework/beans/factory/AwareCustomizer> (0x00000007101af150) thrown at [./src/hotspot/share/classfile/systemDictionary.cpp, line 231]
Event: 1.328 Thread 0x000001bebd0f9000 Exception <a 'java/lang/ClassNotFoundException'{0x00000007101c1fc0}: org/springframework/context/ApplicationStartupAwareCustomizer> (0x00000007101c1fc0) thrown at [./src/hotspot/share/classfile/systemDictionary.cpp, line 231]
Event: 1.328 Thread 0x000001bebd0f9000 Exception <a 'java/lang/ClassNotFoundException'{0x0000000710054820}: org/springframework/beans/factory/AwareCustomizer> (0x0000000710054820) thrown at [./src/hotspot/share/classfile/systemDictionary.cpp, line 231]
Event: 1.329 Thread 0x000001bebd0f9000 Exception <a 'java/lang/ClassNotFoundException'{0x0000000710067ce8}: org/springframework/beans/factory/BeanClassLoaderAwareCustomizer> (0x0000000710067ce8) thrown at [./src/hotspot/share/classfile/systemDictionary.cpp, line 231]
Event: 1.329 Thread 0x000001bebd0f9000 Exception <a 'java/lang/ClassNotFoundException'{0x000000071007a0a8}: org/springframework/beans/factory/AwareCustomizer> (0x000000071007a0a8) thrown at [./src/hotspot/share/classfile/systemDictionary.cpp, line 231]
Event: 1.329 Thread 0x000001bebd0f9000 Exception <a 'java/lang/ClassNotFoundException'{0x000000071008c100}: org/springframework/context/EnvironmentAwareCustomizer> (0x000000071008c100) thrown at [./src/hotspot/share/classfile/systemDictionary.cpp, line 231]
Event: 1.330 Thread 0x000001bebd0f9000 Exception <a 'java/lang/ClassNotFoundException'{0x000000071009e438}: org/springframework/beans/factory/AwareCustomizer> (0x000000071009e438) thrown at [./src/hotspot/share/classfile/systemDictionary.cpp, line 231]
Event: 1.426 Thread 0x000001bee4480800 Exception <a 'java/lang/NoSuchMethodError'{0x000000070cb29190}: 'java.lang.Object java.lang.invoke.DirectMethodHandle$Holder.invokeStaticInit(java.lang.Object, java.lang.Object, java.lang.Object, java.lang.Object, java.lang.Object)'> (0x000000070cb29190) thrown at [./src/hotspot/share/interpreter/linkResolver.cpp, line 773]
Event: 1.431 Thread 0x000001bee4480800 Exception <a 'java/lang/NoSuchMethodError'{0x000000070ca14f38}: 'java.lang.Object java.lang.invoke.DirectMethodHandle$Holder.invokeSpecial(java.lang.Object, java.lang.Object, int, int, java.lang.Object, java.lang.Object, java.lang.Object)'> (0x000000070ca14f38) thrown at [./src/hotspot/share/interpreter/linkResolver.cpp, line 773]
Event: 1.431 Thread 0x000001bee4480800 Exception <a 'java/lang/NoSuchMethodError'{0x000000070ca184c8}: 'java.lang.Object java.lang.invoke.DelegatingMethodHandle$Holder.reinvoke_L(java.lang.Object, int, int, java.lang.Object, java.lang.Object, java.lang.Object)'> (0x000000070ca184c8) thrown at [./src/hotspot/share/interpreter/linkResolver.cpp, line 773]
Event: 1.431 Thread 0x000001bee4480800 Exception <a 'java/lang/NoSuchMethodError'{0x000000070ca1c3a8}: 'java.lang.Object java.lang.invoke.DirectMethodHandle$Holder.invokeStatic(java.lang.Object, java.lang.Object, java.lang.Object, java.lang.Object, int)'> (0x000000070ca1c3a8) thrown at [./src/hotspot/share/interpreter/linkResolver.cpp, line 773]
Event: 1.535 Thread 0x000001bebd0f9000 Exception <a 'java/lang/IncompatibleClassChangeError'{0x0000000710d47318}: Found class java.lang.Object, but interface was expected> (0x0000000710d47318) thrown at [./src/hotspot/share/interpreter/linkResolver.cpp, line 839]
Event: 1.611 Thread 0x000001bee4460800 Exception <a 'java/lang/reflect/InvocationTargetException'{0x000000070fa83b00}> (0x000000070fa83b00) thrown at [./src/hotspot/share/runtime/reflection.cpp, line 1247]
Event: 1.628 Thread 0x000001bee4480800 Exception <a 'java/lang/NoSuchMethodError'{0x000000070f795f40}: 'long java.lang.invoke.DirectMethodHandle$Holder.invokeSpecial(java.lang.Object, java.lang.Object)'> (0x000000070f795f40) thrown at [./src/hotspot/share/interpreter/linkResolver.cpp, line 773]
Event: 1.629 Thread 0x000001bee4480800 Exception <a 'java/lang/NoSuchMethodError'{0x000000070f7a02f8}: 'long java.lang.invoke.DirectMethodHandle$Holder.invokeStatic(java.lang.Object, java.lang.Object)'> (0x000000070f7a02f8) thrown at [./src/hotspot/share/interpreter/linkResolver.cpp, line 773]
Event: 1.629 Thread 0x000001bee4480800 Exception <a 'java/lang/NoSuchMethodError'{0x000000070f7a3120}: 'long java.lang.invoke.DirectMethodHandle$Holder.invokeStaticInit(java.lang.Object, java.lang.Object)'> (0x000000070f7a3120) thrown at [./src/hotspot/share/interpreter/linkResolver.cpp, line 773]
Event: 1.630 Thread 0x000001bee4480800 Exception <a 'java/lang/NoSuchMethodError'{0x000000070f7af5e0}: 'long java.lang.invoke.DirectMethodHandle$Holder.invokeInterface(java.lang.Object, java.lang.Object)'> (0x000000070f7af5e0) thrown at [./src/hotspot/share/interpreter/linkResolver.cpp, line 773]
Event: 1.630 Thread 0x000001bee4480800 Exception <a 'java/lang/IncompatibleClassChangeError'{0x000000070f7b2378}: Found class java.lang.Object, but interface was expected> (0x000000070f7b2378) thrown at [./src/hotspot/share/interpreter/linkResolver.cpp, line 839]
Event: 1.639 Thread 0x000001bee4480800 Exception <a 'java/lang/NoSuchMethodError'{0x000000070f58fbb8}: 'java.lang.Object java.lang.invoke.DirectMethodHandle$Holder.invokeVirtual(java.lang.Object, java.lang.Object, java.lang.Object, java.lang.Object)'> (0x000000070f58fbb8) thrown at [./src/hotspot/share/interpreter/linkResolver.cpp, line 773]
Event: 2.114 Thread 0x000001bee4460800 Exception <a 'java/lang/reflect/InvocationTargetException'{0x000000070fa87b38}> (0x000000070fa87b38) thrown at [./src/hotspot/share/runtime/reflection.cpp, line 1247]

Events (20 events):
Event: 2.172 loading class org/springframework/core/io/support/ResourcePropertiesPersister done
Event: 2.173 loading class org/springframework/util/DefaultPropertiesPersister
Event: 2.173 loading class org/springframework/util/DefaultPropertiesPersister done
Event: 2.173 loading class org/springframework/core/env/ConfigurablePropertyResolver
Event: 2.173 loading class org/springframework/core/env/ConfigurablePropertyResolver done
Event: 2.173 loading class org/springframework/context/support/PropertySourcesPlaceholderConfigurer
Event: 2.173 loading class org/springframework/context/support/PropertySourcesPlaceholderConfigurer done
Event: 2.174 loading class org/springframework/beans/factory/config/BeanDefinitionVisitor
Event: 2.174 loading class org/springframework/beans/factory/config/BeanDefinitionVisitor done
Event: 2.174 loading class org/springframework/beans/factory/config/RuntimeBeanNameReference
Event: 2.174 loading class org/springframework/beans/factory/config/RuntimeBeanNameReference done
Event: 2.175 loading class org/springframework/util/StringValueResolver
Event: 2.175 loading class org/springframework/util/StringValueResolver done
Event: 2.175 loading class org/springframework/core/SimpleAliasRegistry
Event: 2.175 loading class org/springframework/core/SimpleAliasRegistry done
Event: 2.176 loading class org/springframework/data/jpa/util/BeanDefinitionUtils
Event: 2.176 loading class org/springframework/data/jpa/util/BeanDefinitionUtils done
Event: 2.177 loading class org/springframework/jndi/JndiObjectFactoryBean
Event: 2.177 loading class org/springframework/jndi/JndiObjectFactoryBean done
Event: 2.177 Executing VM operation: CollectForMetadataAllocation


Dynamic libraries:
0x00007ff75b9a0000 - 0x00007ff75b9ad000 	C:\Users\Matt1\AppData\Local\Programs\AdoptOpenJDK\jdk-11.0.11.9-hotspot\bin\javaw.exe
0x00007ff899fb0000 - 0x00007ff89a1a5000 	C:\WINDOWS\SYSTEM32\ntdll.dll
0x00007ff898e70000 - 0x00007ff898f2d000 	C:\WINDOWS\System32\KERNEL32.DLL
0x00007ff897ac0000 - 0x00007ff897d8d000 	C:\WINDOWS\System32\KERNELBASE.dll
0x00007ff897f00000 - 0x00007ff898000000 	C:\WINDOWS\System32\ucrtbase.dll
0x00007ff884240000 - 0x00007ff884255000 	C:\Users\Matt1\AppData\Local\Programs\AdoptOpenJDK\jdk-11.0.11.9-hotspot\bin\VCRUNTIME140.dll
0x00007ff885810000 - 0x00007ff885827000 	C:\Users\Matt1\AppData\Local\Programs\AdoptOpenJDK\jdk-11.0.11.9-hotspot\bin\jli.dll
0x00007ff8989c0000 - 0x00007ff898b60000 	C:\WINDOWS\System32\USER32.dll
0x00007ff897d90000 - 0x00007ff897db2000 	C:\WINDOWS\System32\win32u.dll
0x00007ff898ce0000 - 0x00007ff898d0a000 	C:\WINDOWS\System32\GDI32.dll
0x00007ff897710000 - 0x00007ff89781b000 	C:\WINDOWS\System32\gdi32full.dll
0x00007ff897e60000 - 0x00007ff897efd000 	C:\WINDOWS\System32\msvcp_win.dll
0x00007ff8969b0000 - 0x00007ff896c4a000 	C:\WINDOWS\WinSxS\amd64_microsoft.windows.common-controls_6595b64144ccf1df_6.0.19041.1110_none_60b5254171f9507e\COMCTL32.dll
0x00007ff898d10000 - 0x00007ff898dae000 	C:\WINDOWS\System32\msvcrt.dll
0x00007ff8987b0000 - 0x00007ff8987e0000 	C:\WINDOWS\System32\IMM32.DLL
0x00007ff85f490000 - 0x00007ff85f52b000 	C:\Users\Matt1\AppData\Local\Programs\AdoptOpenJDK\jdk-11.0.11.9-hotspot\bin\msvcp140.dll
0x00007ff84ff90000 - 0x00007ff850adb000 	C:\Users\Matt1\AppData\Local\Programs\AdoptOpenJDK\jdk-11.0.11.9-hotspot\bin\server\jvm.dll
0x00007ff899810000 - 0x00007ff8998be000 	C:\WINDOWS\System32\ADVAPI32.dll
0x00007ff899ed0000 - 0x00007ff899f6c000 	C:\WINDOWS\System32\sechost.dll
0x00007ff898680000 - 0x00007ff8987a5000 	C:\WINDOWS\System32\RPCRT4.dll
0x00007ff8987f0000 - 0x00007ff8987f8000 	C:\WINDOWS\System32\PSAPI.DLL
0x00007ff8804d0000 - 0x00007ff8804d9000 	C:\WINDOWS\SYSTEM32\WSOCK32.dll
0x00007ff898950000 - 0x00007ff8989bb000 	C:\WINDOWS\System32\WS2_32.dll
0x00007ff8863f0000 - 0x00007ff886417000 	C:\WINDOWS\SYSTEM32\WINMM.dll
0x00007ff88ed70000 - 0x00007ff88ed7a000 	C:\WINDOWS\SYSTEM32\VERSION.dll
0x00007ff894e70000 - 0x00007ff894e82000 	C:\WINDOWS\SYSTEM32\kernel.appcore.dll
0x00007ff894870000 - 0x00007ff894880000 	C:\Users\Matt1\AppData\Local\Programs\AdoptOpenJDK\jdk-11.0.11.9-hotspot\bin\verify.dll
0x00007ff896ff0000 - 0x00007ff8971d4000 	C:\WINDOWS\SYSTEM32\DBGHELP.DLL
0x00007ff896d40000 - 0x00007ff896d6c000 	C:\WINDOWS\SYSTEM32\dbgcore.DLL
0x00007ff897820000 - 0x00007ff8978a2000 	C:\WINDOWS\System32\bcryptPrimitives.dll
0x00007ff883870000 - 0x00007ff883898000 	C:\Users\Matt1\AppData\Local\Programs\AdoptOpenJDK\jdk-11.0.11.9-hotspot\bin\java.dll
0x00007ff892b60000 - 0x00007ff892b6a000 	C:\Users\Matt1\AppData\Local\Programs\AdoptOpenJDK\jdk-11.0.11.9-hotspot\bin\jimage.dll
0x00007ff885790000 - 0x00007ff8857a7000 	C:\Users\Matt1\AppData\Local\Programs\AdoptOpenJDK\jdk-11.0.11.9-hotspot\bin\zip.dll
0x00007ff8990c0000 - 0x00007ff899804000 	C:\WINDOWS\System32\SHELL32.dll
0x00007ff895150000 - 0x00007ff8958e4000 	C:\WINDOWS\SYSTEM32\windows.storage.dll
0x00007ff898320000 - 0x00007ff898674000 	C:\WINDOWS\System32\combase.dll
0x00007ff896910000 - 0x00007ff89693c000 	C:\WINDOWS\SYSTEM32\Wldp.dll
0x00007ff899920000 - 0x00007ff8999cd000 	C:\WINDOWS\System32\SHCORE.dll
0x00007ff8998c0000 - 0x00007ff899915000 	C:\WINDOWS\System32\shlwapi.dll
0x00007ff897600000 - 0x00007ff89761f000 	C:\WINDOWS\SYSTEM32\profapi.dll
0x00007ff883710000 - 0x00007ff883729000 	C:\Users\Matt1\AppData\Local\Programs\AdoptOpenJDK\jdk-11.0.11.9-hotspot\bin\net.dll
0x00007ff8904a0000 - 0x00007ff8905aa000 	C:\WINDOWS\SYSTEM32\WINHTTP.dll
0x00007ff896840000 - 0x00007ff8968aa000 	C:\WINDOWS\system32\mswsock.dll
0x00007ff8836f0000 - 0x00007ff883702000 	C:\Users\Matt1\AppData\Local\Programs\AdoptOpenJDK\jdk-11.0.11.9-hotspot\bin\nio.dll
0x00007ff885fd0000 - 0x00007ff885fd9000 	C:\Users\Matt1\AppData\Local\Programs\AdoptOpenJDK\jdk-11.0.11.9-hotspot\bin\management.dll
0x00007ff8859d0000 - 0x00007ff8859db000 	C:\Users\Matt1\AppData\Local\Programs\AdoptOpenJDK\jdk-11.0.11.9-hotspot\bin\management_ext.dll
0x00007ff87b510000 - 0x00007ff87b527000 	C:\WINDOWS\system32\napinsp.dll
0x00007ff87b4f0000 - 0x00007ff87b50b000 	C:\WINDOWS\system32\pnrpnsp.dll
0x00007ff87b490000 - 0x00007ff87b4a5000 	C:\WINDOWS\system32\wshbth.dll
0x00007ff892b20000 - 0x00007ff892b3d000 	C:\WINDOWS\system32\NLAapi.dll
0x00007ff8967e0000 - 0x00007ff89681b000 	C:\WINDOWS\SYSTEM32\IPHLPAPI.DLL
0x00007ff8963e0000 - 0x00007ff8964ab000 	C:\WINDOWS\SYSTEM32\DNSAPI.dll
0x00007ff8987e0000 - 0x00007ff8987e8000 	C:\WINDOWS\System32\NSI.dll
0x00007ff87b470000 - 0x00007ff87b482000 	C:\WINDOWS\System32\winrnr.dll
0x00007ff8826f0000 - 0x00007ff8826fa000 	C:\Windows\System32\rasadhlp.dll
0x00007ff8901d0000 - 0x00007ff890250000 	C:\WINDOWS\System32\fwpuclnt.dll
0x00007ff897dc0000 - 0x00007ff897de7000 	C:\WINDOWS\System32\bcrypt.dll
0x00007ff897380000 - 0x00007ff897398000 	C:\WINDOWS\SYSTEM32\CRYPTSP.dll
0x00007ff896090000 - 0x00007ff8960c4000 	C:\WINDOWS\system32\rsaenh.dll
0x00007ff897580000 - 0x00007ff8975ae000 	C:\WINDOWS\SYSTEM32\USERENV.dll
0x00007ff8968d0000 - 0x00007ff8968dc000 	C:\WINDOWS\SYSTEM32\CRYPTBASE.dll
0x00007ff890910000 - 0x00007ff890927000 	C:\WINDOWS\SYSTEM32\dhcpcsvc6.DLL
0x00007ff891670000 - 0x00007ff89168d000 	C:\WINDOWS\SYSTEM32\dhcpcsvc.DLL

dbghelp: loaded successfully - version: 4.0.5 - missing functions: none
symbol engine: initialized successfully - sym options: 0x614 - pdb path: .;C:\Users\Matt1\AppData\Local\Programs\AdoptOpenJDK\jdk-11.0.11.9-hotspot\bin;C:\WINDOWS\SYSTEM32;C:\WINDOWS\WinSxS\amd64_microsoft.windows.common-controls_6595b64144ccf1df_6.0.19041.1110_none_60b5254171f9507e;C:\Users\Matt1\AppData\Local\Programs\AdoptOpenJDK\jdk-11.0.11.9-hotspot\bin\server

VM Arguments:
jvm_args: -Dcom.sun.management.jmxremote -Dcom.sun.management.jmxremote.port=61620 -Dcom.sun.management.jmxremote.authenticate=false -Dcom.sun.management.jmxremote.ssl=false -Djava.rmi.server.hostname=localhost -Dspring.jmx.enabled=true -Dspring.application.admin.enabled=true -XX:TieredStopAtLevel=1 -Dspring.boot.project.name=disaster-recovery -Dfile.encoding=UTF-8 
java_command: com.summitworks.disasterrecovery.DisasterRecoveryApplication
java_class_path (initial): C:\Users\Matt1\SummitWorks\Project imp\Summitworks-Disaster-Recovery-Backend\target\classes;C:\Users\Matt1\.m2\repository\org\springframework\boot\spring-boot-starter-data-jpa\2.7.0\spring-boot-starter-data-jpa-2.7.0.jar;C:\Users\Matt1\.m2\repository\org\springframework\boot\spring-boot-starter-aop\2.7.0\spring-boot-starter-aop-2.7.0.jar;C:\Users\Matt1\.m2\repository\org\aspectj\aspectjweaver\1.9.7\aspectjweaver-1.9.7.jar;C:\Users\Matt1\.m2\repository\org\springframework\boot\spring-boot-starter-jdbc\2.7.0\spring-boot-starter-jdbc-2.7.0.jar;C:\Users\Matt1\.m2\repository\com\zaxxer\HikariCP\4.0.3\HikariCP-4.0.3.jar;C:\Users\Matt1\.m2\repository\org\springframework\spring-jdbc\5.3.20\spring-jdbc-5.3.20.jar;C:\Users\Matt1\.m2\repository\jakarta\transaction\jakarta.transaction-api\1.3.3\jakarta.transaction-api-1.3.3.jar;C:\Users\Matt1\.m2\repository\jakarta\persistence\jakarta.persistence-api\2.2.3\jakarta.persistence-api-2.2.3.jar;C:\Users\Matt1\.m2\repository\org\hibernate\hibernate-core\5.6.9.Final\hibernate-core-5.6.9.Final.jar;C:\Users\Matt1\.m2\repository\org\jboss\logging\jboss-logging\3.4.3.Final\jboss-logging-3.4.3.Final.jar;C:\Users\Matt1\.m2\repository\net\bytebuddy\byte-buddy\1.12.10\byte-buddy-1.12.10.jar;C:\Users\Matt1\.m2\repository\antlr\antlr\2.7.7\antlr-2.7.7.jar;C:\Users\Matt1\.m2\repository\org\jboss\jandex\2.4.2.Final\jandex-2.4.2.Final.jar;C:\Users\Matt1\.m2\repository\com\fasterxml\classmate\1.5.1\classmate-1.5.1.jar;C:\Users\Matt1\.m2\repository\org\hibernate\common\hibernate-commons-annotations\5.1.2.Final\hibernate-commons-annotations-5.1.2.Final.jar;C:\Users\Matt1\.m2\repository\org\glassfish\jaxb\jaxb-runtime\2.3.6\jaxb-runtime-2.3.6.jar;C:\Users\Matt1\.m2\repository\org\glassfish\jaxb\txw2\2.3.6\txw2-2.3.6.jar;C:\Users\Matt1\.m2\repository\com\sun\istack\istack-commons-runtime\3.0.12\istack-commons-runtime-3.0.12.jar;C:\Users\Matt1\.m2\repository\com\sun\activation\jakarta.activation\1.2.2\jakarta.activation-1.2.
Launcher Type: SUN_STANDARD

[Global flags]
     intx CICompilerCount                          = 3                                         {product} {ergonomic}
     uint ConcGCThreads                            = 1                                         {product} {ergonomic}
     uint G1ConcRefinementThreads                  = 4                                         {product} {ergonomic}
   size_t G1HeapRegionSize                         = 1048576                                   {product} {ergonomic}
    uintx GCDrainStackTargetSize                   = 64                                        {product} {ergonomic}
   size_t InitialHeapSize                          = 266338304                                 {product} {ergonomic}
     bool ManagementServer                         = true                                      {product} {command line}
   size_t MarkStackSize                            = 4194304                                   {product} {ergonomic}
   size_t MaxHeapSize                              = 4255121408                                {product} {ergonomic}
   size_t MaxNewSize                               = 2552233984                                {product} {ergonomic}
   size_t MinHeapDeltaBytes                        = 1048576                                   {product} {ergonomic}
    uintx NonNMethodCodeHeapSize                   = 6973028                                {pd product} {ergonomic}
    uintx NonProfiledCodeHeapSize                  = 244685212                              {pd product} {ergonomic}
    uintx ProfiledCodeHeapSize                     = 0                                      {pd product} {ergonomic}
    uintx ReservedCodeCacheSize                    = 251658240                              {pd product} {ergonomic}
     bool SegmentedCodeCache                       = true                                      {product} {ergonomic}
     intx TieredStopAtLevel                        = 1                                         {product} {command line}
     bool UseCompressedClassPointers               = true                                 {lp64_product} {ergonomic}
     bool UseCompressedOops                        = true                                 {lp64_product} {ergonomic}
     bool UseG1GC                                  = true                                      {product} {ergonomic}
     bool UseLargePagesIndividualAllocation        = false                                  {pd product} {ergonomic}

Logging:
Log output configuration:
 #0: stdout all=warning uptime,level,tags
 #1: stderr all=off uptime,level,tags

Environment Variables:
JAVA_HOME=C:\Users\Matt1\AppData\Local\Programs\AdoptOpenJDK\jdk-11.0.11.9-hotspot\
PATH=C:/Users/Matt1/AppData/Local/Programs/AdoptOpenJDK/jdk-11.0.11.9-hotspot/bin/client;C:/Users/Matt1/AppData/Local/Programs/AdoptOpenJDK/jdk-11.0.11.9-hotspot/bin;C:\Program Files (x86)\Common Files\Oracle\Java\javapath;C:\ProgramData\Oracle\Java\javapath;C:\Program Files (x86)\Intel\iCLS Client\;C:\Program Files\Intel\iCLS Client\;C:\Program Files (x86)\Common Files\Microsoft Shared\Windows Live;C:\Windows\system32;C:\Windows;C:\Windows\System32\Wbem;C:\Windows\System32\WindowsPowerShell\v1.0\;C:\Program Files (x86)\Common Files\Acronis\SnapAPI\;C:\Program Files\Intel\Intel(R) Management Engine Components\DAL;C:\Program Files\Intel\Intel(R) Management Engine Components\IPT;C:\Program Files (x86)\Intel\Intel(R) Management Engine Components\DAL;C:\Program Files (x86)\Intel\Intel(R) Management Engine Components\IPT;C:\Users\Matt\AppData\Local\Smartbar\Application\;C:\Program Files\NVIDIA Corporation\NVIDIA NvDLISR;C:\WINDOWS\system32;C:\WINDOWS;C:\WINDOWS\System32\Wbem;C:\WINDOWS\System32\WindowsPowerShell\v1.0\;C:\WINDOWS\System32\OpenSSH\;C:\WINDOWS\system32;C:\WINDOWS;C:\WINDOWS\System32\Wbem;C:\WINDOWS\System32\WindowsPowerShell\v1.0\;C:\WINDOWS\System32\OpenSSH\;C:\Program Files (x86)\NVIDIA Corporation\PhysX\Common;C:\Program Files\dotnet\;C:\Program Files\Docker\Docker\resources\bin;C:\ProgramData\DockerDesktop\version-bin;C:\Program Files\nodejs\;C:\Program Files (x86)\dotnet\;F:\Putty\;C:\Program Files\Amazon\AWSCLIV2\;C:\Program Files\Amazon\AWSSAMCLI\bin\;C:\Program Files\apache-maven-3.8.5;C:\Program Files\MySQL\MySQL Shell 8.0\bin\;C:\Users\Matt1\AppData\Local\Programs\AdoptOpenJDK\jdk-11.0.11.9-hotspot\bin;C:\Users\Matt1\AppData\Local\Microsoft\WindowsApps;C:\Users\Matt1\AppData\Local\Programs\Microsoft VS Code\bin;C:\Users\Matt1\.dotnet\tools;C:\Users\Matt1\AppData\Local\GitHubDesktop\bin;C:\Users\Matt1\AppData\Roaming\npm;C:\Program Files\apache-maven-3.8.5\bin;;C:\Users\Matt1\Desktop;
USERNAME=Matt1
OS=Windows_NT
PROCESSOR_IDENTIFIER=Intel64 Family 6 Model 60 Stepping 3, GenuineIntel



---------------  S Y S T E M  ---------------

OS: Windows 10 , 64 bit Build 19041 (10.0.19041.1706)
OS uptime: 1 days 1:31 hours
Hyper-V role detected

CPU:total 4 (initial active 4) (4 cores per cpu, 1 threads per core) family 6 model 60 stepping 3 microcode 0x27, cmov, cx8, fxsr, mmx, sse, sse2, sse3, ssse3, sse4.1, sse4.2, popcnt, avx, avx2, aes, clmul, erms, lzcnt, tsc, tscinvbit, bmi1, bmi2, fma

Memory: 4k page, system-wide physical 16229M (4225M free)
TotalPageFile size 17253M (AvailPageFile size 45M)
current process WorkingSet (physical memory assigned to process): 203M, peak: 203M
current process commit charge ("private bytes"): 378M, peak: 429M

vm_info: OpenJDK 64-Bit Server VM (11.0.11+9) for windows-amd64 JRE (11.0.11+9), built on Apr 20 2021 21:22:09 by "" with MS VC++ 15.9 (VS2017)

END.
