#
# There is insufficient memory for the Java Runtime Environment to continue.
# Native memory allocation (malloc) failed to allocate 966096 bytes for Chunk::new
# Possible reasons:
#   The system is out of physical RAM or swap space
#   The process is running with CompressedOops enabled, and the Java Heap may be blocking the growth of the native heap
# Possible solutions:
#   Reduce memory load on the system
#   Increase physical memory or swap space
#   Check if swap backing store is full
#   Decrease Java heap size (-Xmx/-Xms)
#   Decrease number of Java threads
#   Decrease Java thread stack sizes (-Xss)
#   Set larger code cache with -XX:ReservedCodeCacheSize=
#   JVM is running with Zero Based Compressed Oops mode in which the Java heap is
#     placed in the first 32GB address space. The Java Heap base address is the
#     maximum limit for the native heap growth. Please use -XX:HeapBaseMinAddress
#     to set the Java Heap base and to place the Java Heap above 32GB virtual address.
# This output file may be truncated or incomplete.
#
#  Out of Memory Error (./src/hotspot/share/memory/arena.cpp:197), pid=9332, tid=8832
#
# JRE version: OpenJDK Runtime Environment AdoptOpenJDK-11.0.11+9 (11.0.11+9) (build 11.0.11+9)
# Java VM: OpenJDK 64-Bit Server VM AdoptOpenJDK-11.0.11+9 (11.0.11+9, mixed mode, tiered, compressed oops, g1 gc, windows-amd64)
# No core dump will be written. Minidumps are not enabled by default on client versions of Windows
#

---------------  S U M M A R Y ------------

Command Line: -Dmaven.home=EMBEDDED -Dclassworlds.conf=C:\Users\Matt1\eclipse-workspace4\.metadata\.plugins\org.eclipse.m2e.launching\launches\m2conf16128690750154285703.tmp -Dmaven.multiModuleProjectDirectory=C:\Users\Matt1\SummitWorks\Project imp\Backend_proj\Summitworks-Disaster-Recovery-Backend -Dfile.encoding=Cp1252 org.codehaus.plexus.classworlds.launcher.Launcher -B clean install

Host: Intel(R) Core(TM) i5-4670 CPU @ 3.40GHz, 4 cores, 15G,  Windows 10 , 64 bit Build 19041 (10.0.19041.1706)
Time: Sat May 28 21:50:10 2022 Eastern Daylight Time elapsed time: 3.771155 seconds (0d 0h 0m 3s)

---------------  T H R E A D  ---------------

Current thread (0x0000020dc82c3000):  JavaThread "C2 CompilerThread0" daemon [_thread_in_native, id=8832, stack(0x0000001f2bc00000,0x0000001f2bd00000)]


Current CompileTask:
C2:   3771 4973   !   4       com.sun.tools.javac.jvm.ClassReader::classSigToType (498 bytes)

Stack: [0x0000001f2bc00000,0x0000001f2bd00000]
Native frames: (J=compiled Java code, j=interpreted, Vv=VM code, C=native code)
V  [jvm.dll+0x5f7e5a]
V  [jvm.dll+0x77ff2e]
V  [jvm.dll+0x7815ff]
V  [jvm.dll+0x781cc3]
V  [jvm.dll+0x247408]
V  [jvm.dll+0xbe69c]
V  [jvm.dll+0xbed9c]
V  [jvm.dll+0x2b6664]
V  [jvm.dll+0x509569]
V  [jvm.dll+0x202717]
V  [jvm.dll+0x1ffe4f]
V  [jvm.dll+0x184f1c]
V  [jvm.dll+0x20f3e7]
V  [jvm.dll+0x20d5cb]
V  [jvm.dll+0x7442f9]
V  [jvm.dll+0x73d364]
V  [jvm.dll+0x5f6cd6]
C  [ucrtbase.dll+0x21bb2]
C  [KERNEL32.DLL+0x17034]
C  [ntdll.dll+0x52651]


---------------  P R O C E S S  ---------------

Threads class SMR info:
_java_thread_list=0x0000020dc976a3b0, length=11, elements={
0x0000020da279d800, 0x0000020dc82a1000, 0x0000020dc82aa800, 0x0000020dc8318800,
0x0000020dc831a800, 0x0000020dc82c0000, 0x0000020dc82c3000, 0x0000020dc8376000,
0x0000020dc838b800, 0x0000020dc8478000, 0x0000020dc9614000
}

Java Threads: ( => current thread )
  0x0000020da279d800 JavaThread "main" [_thread_blocked, id=8180, stack(0x0000001f2b000000,0x0000001f2b100000)]
  0x0000020dc82a1000 JavaThread "Reference Handler" daemon [_thread_blocked, id=15464, stack(0x0000001f2b700000,0x0000001f2b800000)]
  0x0000020dc82aa800 JavaThread "Finalizer" daemon [_thread_blocked, id=17272, stack(0x0000001f2b800000,0x0000001f2b900000)]
  0x0000020dc8318800 JavaThread "Signal Dispatcher" daemon [_thread_blocked, id=844, stack(0x0000001f2b900000,0x0000001f2ba00000)]
  0x0000020dc831a800 JavaThread "Attach Listener" daemon [_thread_blocked, id=19368, stack(0x0000001f2ba00000,0x0000001f2bb00000)]
  0x0000020dc82c0000 JavaThread "Service Thread" daemon [_thread_blocked, id=13788, stack(0x0000001f2bb00000,0x0000001f2bc00000)]
=>0x0000020dc82c3000 JavaThread "C2 CompilerThread0" daemon [_thread_in_native, id=8832, stack(0x0000001f2bc00000,0x0000001f2bd00000)]
  0x0000020dc8376000 JavaThread "C1 CompilerThread0" daemon [_thread_blocked, id=10016, stack(0x0000001f2bd00000,0x0000001f2be00000)]
  0x0000020dc838b800 JavaThread "Sweeper thread" daemon [_thread_blocked, id=17880, stack(0x0000001f2be00000,0x0000001f2bf00000)]
  0x0000020dc8478000 JavaThread "Common-Cleaner" daemon [_thread_blocked, id=17744, stack(0x0000001f2c000000,0x0000001f2c100000)]
  0x0000020dc9614000 JavaThread "C2 CompilerThread1" daemon [_thread_in_native, id=17624, stack(0x0000001f2c500000,0x0000001f2c600000)]

Other Threads:
  0x0000020dc827c800 VMThread "VM Thread" [stack: 0x0000001f2b600000,0x0000001f2b700000] [id=16692]
  0x0000020dc846f000 WatcherThread [stack: 0x0000001f2bf00000,0x0000001f2c000000] [id=11936]
  0x0000020da27b2800 GCTaskThread "GC Thread#0" [stack: 0x0000001f2b100000,0x0000001f2b200000] [id=17796]
  0x0000020dc96a1800 GCTaskThread "GC Thread#1" [stack: 0x0000001f2c200000,0x0000001f2c300000] [id=17536]
  0x0000020dc8f25800 GCTaskThread "GC Thread#2" [stack: 0x0000001f2c300000,0x0000001f2c400000] [id=15804]
  0x0000020dc969e000 GCTaskThread "GC Thread#3" [stack: 0x0000001f2c400000,0x0000001f2c500000] [id=3428]
  0x0000020da280e800 ConcurrentGCThread "G1 Main Marker" [stack: 0x0000001f2b200000,0x0000001f2b300000] [id=3104]
  0x0000020da2810800 ConcurrentGCThread "G1 Conc#0" [stack: 0x0000001f2b300000,0x0000001f2b400000] [id=16980]
  0x0000020dc78de800 ConcurrentGCThread "G1 Refine#0" [stack: 0x0000001f2b400000,0x0000001f2b500000] [id=5708]
  0x0000020dc78e1000 ConcurrentGCThread "G1 Young RemSet Sampling" [stack: 0x0000001f2b500000,0x0000001f2b600000] [id=17476]

Threads with active compile tasks:
C2 CompilerThread0   3788 4973   !   4       com.sun.tools.javac.jvm.ClassReader::classSigToType (498 bytes)
C2 CompilerThread1   3788 5067       4       java.lang.String::replace (149 bytes)

VM state:at safepoint (normal execution)

VM Mutex/Monitor currently owned by a thread:  ([mutex/lock_event])
[0x0000020da279b390] Threads_lock - owner thread: 0x0000020dc827c800
[0x0000020da279a4f0] Heap_lock - owner thread: 0x0000020da279d800

Heap address: 0x0000000702600000, size: 4058 MB, Compressed Oops mode: Zero based, Oop shift amount: 3
Narrow klass base: 0x0000000800000000, Narrow klass shift: 0
Compressed class space size: 1073741824 Address: 0x0000000800000000

Heap:
 garbage-first heap   total 260096K, used 68617K [0x0000000702600000, 0x0000000800000000)
  region size 1024K, 44 young (45056K), 2 survivors (2048K)
 Metaspace       used 32327K, capacity 32915K, committed 33072K, reserved 1085440K
  class space    used 3394K, capacity 3610K, committed 3712K, reserved 1048576K
Heap Regions: E=young(eden), S=young(survivor), O=old, HS=humongous(starts), HC=humongous(continues), CS=collection set, F=free, A=archive, TAMS=top-at-mark-start (previous, next)
|   0|0x0000000702600000, 0x0000000702700000, 0x0000000702700000|100%| O|  |TAMS 0x0000000702700000, 0x0000000702700000| Untracked 
|   1|0x0000000702700000, 0x0000000702800000, 0x0000000702800000|100%| O|  |TAMS 0x0000000702800000, 0x0000000702800000| Untracked 
|   2|0x0000000702800000, 0x0000000702900000, 0x0000000702900000|100%| O|  |TAMS 0x00000007028e7a00, 0x0000000702900000| Untracked 
|   3|0x0000000702900000, 0x0000000702a00000, 0x0000000702a00000|100%| O|  |TAMS 0x0000000702900000, 0x0000000702a00000| Untracked 
|   4|0x0000000702a00000, 0x0000000702b00000, 0x0000000702b00000|100%| O|  |TAMS 0x0000000702a00000, 0x0000000702b00000| Untracked 
|   5|0x0000000702b00000, 0x0000000702c00000, 0x0000000702c00000|100%| O|  |TAMS 0x0000000702b00000, 0x0000000702c00000| Untracked 
|   6|0x0000000702c00000, 0x0000000702d00000, 0x0000000702d00000|100%|HS|  |TAMS 0x0000000702c00000, 0x0000000702d00000| Complete 
|   7|0x0000000702d00000, 0x0000000702e00000, 0x0000000702e00000|100%|HS|  |TAMS 0x0000000702d00000, 0x0000000702e00000| Complete 
|   8|0x0000000702e00000, 0x0000000702f00000, 0x0000000702f00000|100%| O|  |TAMS 0x0000000702e00000, 0x0000000702f00000| Untracked 
|   9|0x0000000702f00000, 0x0000000703000000, 0x0000000703000000|100%| O|  |TAMS 0x0000000702f00000, 0x0000000703000000| Untracked 
|  10|0x0000000703000000, 0x0000000703096888, 0x0000000703100000| 58%| O|  |TAMS 0x0000000703000000, 0x0000000703100000| Untracked 
|  11|0x0000000703100000, 0x0000000703100000, 0x0000000703200000|  0%| F|  |TAMS 0x0000000703100000, 0x0000000703100000| Untracked 
|  12|0x0000000703200000, 0x0000000703200000, 0x0000000703300000|  0%| F|  |TAMS 0x0000000703200000, 0x0000000703200000| Untracked 
|  13|0x0000000703300000, 0x0000000703300000, 0x0000000703400000|  0%| F|  |TAMS 0x0000000703300000, 0x0000000703300000| Untracked 
|  14|0x0000000703400000, 0x0000000703400000, 0x0000000703500000|  0%| F|  |TAMS 0x0000000703400000, 0x0000000703400000| Untracked 
|  15|0x0000000703500000, 0x0000000703500000, 0x0000000703600000|  0%| F|  |TAMS 0x0000000703500000, 0x0000000703500000| Untracked 
|  16|0x0000000703600000, 0x0000000703600000, 0x0000000703700000|  0%| F|  |TAMS 0x0000000703600000, 0x0000000703600000| Untracked 
|  17|0x0000000703700000, 0x0000000703700000, 0x0000000703800000|  0%| F|  |TAMS 0x0000000703700000, 0x0000000703700000| Untracked 
|  18|0x0000000703800000, 0x0000000703800000, 0x0000000703900000|  0%| F|  |TAMS 0x0000000703800000, 0x0000000703800000| Untracked 
|  19|0x0000000703900000, 0x0000000703900000, 0x0000000703a00000|  0%| F|  |TAMS 0x0000000703900000, 0x0000000703900000| Untracked 
|  20|0x0000000703a00000, 0x0000000703a00000, 0x0000000703b00000|  0%| F|  |TAMS 0x0000000703a00000, 0x0000000703a00000| Untracked 
|  21|0x0000000703b00000, 0x0000000703b00000, 0x0000000703c00000|  0%| F|  |TAMS 0x0000000703b00000, 0x0000000703b00000| Untracked 
|  22|0x0000000703c00000, 0x0000000703c00000, 0x0000000703d00000|  0%| F|  |TAMS 0x0000000703c00000, 0x0000000703c00000| Untracked 
|  23|0x0000000703d00000, 0x0000000703d00000, 0x0000000703e00000|  0%| F|  |TAMS 0x0000000703d00000, 0x0000000703d00000| Untracked 
|  24|0x0000000703e00000, 0x0000000703e00000, 0x0000000703f00000|  0%| F|  |TAMS 0x0000000703e00000, 0x0000000703e00000| Untracked 
|  25|0x0000000703f00000, 0x0000000703f00000, 0x0000000704000000|  0%| F|  |TAMS 0x0000000703f00000, 0x0000000703f00000| Untracked 
|  26|0x0000000704000000, 0x0000000704000000, 0x0000000704100000|  0%| F|  |TAMS 0x0000000704000000, 0x0000000704000000| Untracked 
|  27|0x0000000704100000, 0x0000000704100000, 0x0000000704200000|  0%| F|  |TAMS 0x0000000704100000, 0x0000000704100000| Untracked 
|  28|0x0000000704200000, 0x0000000704200000, 0x0000000704300000|  0%| F|  |TAMS 0x0000000704200000, 0x0000000704200000| Untracked 
|  29|0x0000000704300000, 0x0000000704300000, 0x0000000704400000|  0%| F|  |TAMS 0x0000000704300000, 0x0000000704300000| Untracked 
|  30|0x0000000704400000, 0x0000000704400000, 0x0000000704500000|  0%| F|  |TAMS 0x0000000704400000, 0x0000000704400000| Untracked 
|  31|0x0000000704500000, 0x0000000704500000, 0x0000000704600000|  0%| F|  |TAMS 0x0000000704500000, 0x0000000704500000| Untracked 
|  32|0x0000000704600000, 0x0000000704600000, 0x0000000704700000|  0%| F|  |TAMS 0x0000000704600000, 0x0000000704600000| Untracked 
|  33|0x0000000704700000, 0x0000000704700000, 0x0000000704800000|  0%| F|  |TAMS 0x0000000704700000, 0x0000000704700000| Untracked 
|  34|0x0000000704800000, 0x0000000704800000, 0x0000000704900000|  0%| F|  |TAMS 0x0000000704800000, 0x0000000704800000| Untracked 
|  35|0x0000000704900000, 0x0000000704900000, 0x0000000704a00000|  0%| F|  |TAMS 0x0000000704900000, 0x0000000704900000| Untracked 
|  36|0x0000000704a00000, 0x0000000704a00000, 0x0000000704b00000|  0%| F|  |TAMS 0x0000000704a00000, 0x0000000704a00000| Untracked 
|  37|0x0000000704b00000, 0x0000000704b00000, 0x0000000704c00000|  0%| F|  |TAMS 0x0000000704b00000, 0x0000000704b00000| Untracked 
|  38|0x0000000704c00000, 0x0000000704c00000, 0x0000000704d00000|  0%| F|  |TAMS 0x0000000704c00000, 0x0000000704c00000| Untracked 
|  39|0x0000000704d00000, 0x0000000704d00000, 0x0000000704e00000|  0%| F|  |TAMS 0x0000000704d00000, 0x0000000704d00000| Untracked 
|  40|0x0000000704e00000, 0x0000000704e00000, 0x0000000704f00000|  0%| F|  |TAMS 0x0000000704e00000, 0x0000000704e00000| Untracked 
|  41|0x0000000704f00000, 0x0000000704f00000, 0x0000000705000000|  0%| F|  |TAMS 0x0000000704f00000, 0x0000000704f00000| Untracked 
|  42|0x0000000705000000, 0x0000000705000000, 0x0000000705100000|  0%| F|  |TAMS 0x0000000705000000, 0x0000000705000000| Untracked 
|  43|0x0000000705100000, 0x0000000705100000, 0x0000000705200000|  0%| F|  |TAMS 0x0000000705100000, 0x0000000705100000| Untracked 
|  44|0x0000000705200000, 0x0000000705200000, 0x0000000705300000|  0%| F|  |TAMS 0x0000000705200000, 0x0000000705200000| Untracked 
|  45|0x0000000705300000, 0x0000000705300000, 0x0000000705400000|  0%| F|  |TAMS 0x0000000705300000, 0x0000000705300000| Untracked 
|  46|0x0000000705400000, 0x0000000705400000, 0x0000000705500000|  0%| F|  |TAMS 0x0000000705400000, 0x0000000705400000| Untracked 
|  47|0x0000000705500000, 0x0000000705500000, 0x0000000705600000|  0%| F|  |TAMS 0x0000000705500000, 0x0000000705500000| Untracked 
|  48|0x0000000705600000, 0x0000000705600000, 0x0000000705700000|  0%| F|  |TAMS 0x0000000705600000, 0x0000000705600000| Untracked 
|  49|0x0000000705700000, 0x0000000705700000, 0x0000000705800000|  0%| F|  |TAMS 0x0000000705700000, 0x0000000705700000| Untracked 
|  50|0x0000000705800000, 0x0000000705800000, 0x0000000705900000|  0%| F|  |TAMS 0x0000000705800000, 0x0000000705800000| Untracked 
|  51|0x0000000705900000, 0x0000000705900000, 0x0000000705a00000|  0%| F|  |TAMS 0x0000000705900000, 0x0000000705900000| Untracked 
|  52|0x0000000705a00000, 0x0000000705a00000, 0x0000000705b00000|  0%| F|  |TAMS 0x0000000705a00000, 0x0000000705a00000| Untracked 
|  53|0x0000000705b00000, 0x0000000705b00000, 0x0000000705c00000|  0%| F|  |TAMS 0x0000000705b00000, 0x0000000705b00000| Untracked 
|  54|0x0000000705c00000, 0x0000000705c00000, 0x0000000705d00000|  0%| F|  |TAMS 0x0000000705c00000, 0x0000000705c00000| Untracked 
|  55|0x0000000705d00000, 0x0000000705d00000, 0x0000000705e00000|  0%| F|  |TAMS 0x0000000705d00000, 0x0000000705d00000| Untracked 
|  56|0x0000000705e00000, 0x0000000705e00000, 0x0000000705f00000|  0%| F|  |TAMS 0x0000000705e00000, 0x0000000705e00000| Untracked 
|  57|0x0000000705f00000, 0x0000000705f00000, 0x0000000706000000|  0%| F|  |TAMS 0x0000000705f00000, 0x0000000705f00000| Untracked 
|  58|0x0000000706000000, 0x0000000706000000, 0x0000000706100000|  0%| F|  |TAMS 0x0000000706000000, 0x0000000706000000| Untracked 
|  59|0x0000000706100000, 0x0000000706100000, 0x0000000706200000|  0%| F|  |TAMS 0x0000000706100000, 0x0000000706100000| Untracked 
|  60|0x0000000706200000, 0x0000000706200000, 0x0000000706300000|  0%| F|  |TAMS 0x0000000706200000, 0x0000000706200000| Untracked 
|  61|0x0000000706300000, 0x0000000706300000, 0x0000000706400000|  0%| F|  |TAMS 0x0000000706300000, 0x0000000706300000| Untracked 
|  62|0x0000000706400000, 0x0000000706400000, 0x0000000706500000|  0%| F|  |TAMS 0x0000000706400000, 0x0000000706400000| Untracked 
|  63|0x0000000706500000, 0x0000000706500000, 0x0000000706600000|  0%| F|  |TAMS 0x0000000706500000, 0x0000000706500000| Untracked 
|  64|0x0000000706600000, 0x0000000706600000, 0x0000000706700000|  0%| F|  |TAMS 0x0000000706600000, 0x0000000706600000| Untracked 
|  65|0x0000000706700000, 0x0000000706700000, 0x0000000706800000|  0%| F|  |TAMS 0x0000000706700000, 0x0000000706700000| Untracked 
|  66|0x0000000706800000, 0x0000000706800000, 0x0000000706900000|  0%| F|  |TAMS 0x0000000706800000, 0x0000000706800000| Untracked 
|  67|0x0000000706900000, 0x0000000706900000, 0x0000000706a00000|  0%| F|  |TAMS 0x0000000706900000, 0x0000000706900000| Untracked 
|  68|0x0000000706a00000, 0x0000000706a00000, 0x0000000706b00000|  0%| F|  |TAMS 0x0000000706a00000, 0x0000000706a00000| Untracked 
|  69|0x0000000706b00000, 0x0000000706b00000, 0x0000000706c00000|  0%| F|  |TAMS 0x0000000706b00000, 0x0000000706b00000| Untracked 
|  70|0x0000000706c00000, 0x0000000706c00000, 0x0000000706d00000|  0%| F|  |TAMS 0x0000000706c00000, 0x0000000706c00000| Untracked 
|  71|0x0000000706d00000, 0x0000000706d00000, 0x0000000706e00000|  0%| F|  |TAMS 0x0000000706d00000, 0x0000000706d00000| Untracked 
|  72|0x0000000706e00000, 0x0000000706e00000, 0x0000000706f00000|  0%| F|  |TAMS 0x0000000706e00000, 0x0000000706e00000| Untracked 
|  73|0x0000000706f00000, 0x0000000706f00000, 0x0000000707000000|  0%| F|  |TAMS 0x0000000706f00000, 0x0000000706f00000| Untracked 
|  74|0x0000000707000000, 0x0000000707000000, 0x0000000707100000|  0%| F|  |TAMS 0x0000000707000000, 0x0000000707000000| Untracked 
|  75|0x0000000707100000, 0x0000000707100000, 0x0000000707200000|  0%| F|  |TAMS 0x0000000707100000, 0x0000000707100000| Untracked 
|  76|0x0000000707200000, 0x0000000707200000, 0x0000000707300000|  0%| F|  |TAMS 0x0000000707200000, 0x0000000707200000| Untracked 
|  77|0x0000000707300000, 0x0000000707300000, 0x0000000707400000|  0%| F|  |TAMS 0x0000000707300000, 0x0000000707300000| Untracked 
|  78|0x0000000707400000, 0x0000000707400000, 0x0000000707500000|  0%| F|  |TAMS 0x0000000707400000, 0x0000000707400000| Untracked 
|  79|0x0000000707500000, 0x0000000707500000, 0x0000000707600000|  0%| F|  |TAMS 0x0000000707500000, 0x0000000707500000| Untracked 
|  80|0x0000000707600000, 0x0000000707600000, 0x0000000707700000|  0%| F|  |TAMS 0x0000000707600000, 0x0000000707600000| Untracked 
|  81|0x0000000707700000, 0x0000000707700000, 0x0000000707800000|  0%| F|  |TAMS 0x0000000707700000, 0x0000000707700000| Untracked 
|  82|0x0000000707800000, 0x0000000707800000, 0x0000000707900000|  0%| F|  |TAMS 0x0000000707800000, 0x0000000707800000| Untracked 
|  83|0x0000000707900000, 0x000000070794e808, 0x0000000707a00000| 30%| E|CS|TAMS 0x0000000707900000, 0x000000070794e808| Complete 
|  84|0x0000000707a00000, 0x0000000707b00000, 0x0000000707b00000|100%| E|CS|TAMS 0x0000000707a00000, 0x0000000707b00000| Complete 
|  85|0x0000000707b00000, 0x0000000707c00000, 0x0000000707c00000|100%| E|CS|TAMS 0x0000000707b00000, 0x0000000707c00000| Complete 
|  86|0x0000000707c00000, 0x0000000707d00000, 0x0000000707d00000|100%| E|CS|TAMS 0x0000000707c00000, 0x0000000707d00000| Complete 
|  87|0x0000000707d00000, 0x0000000707e00000, 0x0000000707e00000|100%| E|CS|TAMS 0x0000000707d00000, 0x0000000707e00000| Complete 
|  88|0x0000000707e00000, 0x0000000707f00000, 0x0000000707f00000|100%| E|CS|TAMS 0x0000000707e00000, 0x0000000707f00000| Complete 
|  89|0x0000000707f00000, 0x0000000708000000, 0x0000000708000000|100%| E|CS|TAMS 0x0000000707f00000, 0x0000000708000000| Complete 
|  90|0x0000000708000000, 0x0000000708100000, 0x0000000708100000|100%| E|CS|TAMS 0x0000000708000000, 0x0000000708100000| Complete 
|  91|0x0000000708100000, 0x0000000708200000, 0x0000000708200000|100%| E|CS|TAMS 0x0000000708100000, 0x0000000708200000| Complete 
|  92|0x0000000708200000, 0x0000000708300000, 0x0000000708300000|100%| E|CS|TAMS 0x0000000708200000, 0x0000000708300000| Complete 
|  93|0x0000000708300000, 0x0000000708400000, 0x0000000708400000|100%| E|CS|TAMS 0x0000000708300000, 0x0000000708400000| Complete 
|  94|0x0000000708400000, 0x0000000708500000, 0x0000000708500000|100%| E|CS|TAMS 0x0000000708400000, 0x0000000708500000| Complete 
|  95|0x0000000708500000, 0x0000000708600000, 0x0000000708600000|100%| E|CS|TAMS 0x0000000708500000, 0x0000000708600000| Complete 
|  96|0x0000000708600000, 0x0000000708700000, 0x0000000708700000|100%| E|CS|TAMS 0x0000000708600000, 0x0000000708700000| Complete 
|  97|0x0000000708700000, 0x0000000708800000, 0x0000000708800000|100%| E|CS|TAMS 0x0000000708700000, 0x0000000708800000| Complete 
|  98|0x0000000708800000, 0x0000000708900000, 0x0000000708900000|100%| E|CS|TAMS 0x0000000708800000, 0x0000000708900000| Complete 
|  99|0x0000000708900000, 0x0000000708a00000, 0x0000000708a00000|100%| E|CS|TAMS 0x0000000708900000, 0x0000000708a00000| Complete 
| 100|0x0000000708a00000, 0x0000000708b00000, 0x0000000708b00000|100%| E|CS|TAMS 0x0000000708a00000, 0x0000000708b00000| Complete 
| 101|0x0000000708b00000, 0x0000000708c00000, 0x0000000708c00000|100%| E|CS|TAMS 0x0000000708b00000, 0x0000000708c00000| Complete 
| 102|0x0000000708c00000, 0x0000000708c00000, 0x0000000708d00000|  0%| F|  |TAMS 0x0000000708c00000, 0x0000000708c00000| Untracked 
| 103|0x0000000708d00000, 0x0000000708d00000, 0x0000000708e00000|  0%| F|  |TAMS 0x0000000708d00000, 0x0000000708d00000| Untracked 
| 104|0x0000000708e00000, 0x0000000708e00000, 0x0000000708f00000|  0%| F|  |TAMS 0x0000000708e00000, 0x0000000708e00000| Untracked 
| 105|0x0000000708f00000, 0x0000000708f00000, 0x0000000709000000|  0%| F|  |TAMS 0x0000000708f00000, 0x0000000708f00000| Untracked 
| 106|0x0000000709000000, 0x0000000709000000, 0x0000000709100000|  0%| F|  |TAMS 0x0000000709000000, 0x0000000709000000| Untracked 
| 107|0x0000000709100000, 0x0000000709100000, 0x0000000709200000|  0%| F|  |TAMS 0x0000000709100000, 0x0000000709100000| Untracked 
| 108|0x0000000709200000, 0x0000000709200000, 0x0000000709300000|  0%| F|  |TAMS 0x0000000709200000, 0x0000000709200000| Untracked 
| 109|0x0000000709300000, 0x0000000709300000, 0x0000000709400000|  0%| F|  |TAMS 0x0000000709300000, 0x0000000709300000| Untracked 
| 110|0x0000000709400000, 0x0000000709400000, 0x0000000709500000|  0%| F|  |TAMS 0x0000000709400000, 0x0000000709400000| Untracked 
| 111|0x0000000709500000, 0x0000000709500000, 0x0000000709600000|  0%| F|  |TAMS 0x0000000709500000, 0x0000000709500000| Untracked 
| 112|0x0000000709600000, 0x0000000709600000, 0x0000000709700000|  0%| F|  |TAMS 0x0000000709600000, 0x0000000709600000| Untracked 
| 113|0x0000000709700000, 0x0000000709700000, 0x0000000709800000|  0%| F|  |TAMS 0x0000000709700000, 0x0000000709700000| Untracked 
| 114|0x0000000709800000, 0x0000000709800000, 0x0000000709900000|  0%| F|  |TAMS 0x0000000709800000, 0x0000000709800000| Untracked 
| 115|0x0000000709900000, 0x0000000709900000, 0x0000000709a00000|  0%| F|  |TAMS 0x0000000709900000, 0x0000000709900000| Untracked 
| 116|0x0000000709a00000, 0x0000000709a00000, 0x0000000709b00000|  0%| F|  |TAMS 0x0000000709a00000, 0x0000000709a00000| Untracked 
| 117|0x0000000709b00000, 0x0000000709b00000, 0x0000000709c00000|  0%| F|  |TAMS 0x0000000709b00000, 0x0000000709b00000| Untracked 
| 118|0x0000000709c00000, 0x0000000709c00000, 0x0000000709d00000|  0%| F|  |TAMS 0x0000000709c00000, 0x0000000709c00000| Untracked 
| 119|0x0000000709d00000, 0x0000000709d00000, 0x0000000709e00000|  0%| F|  |TAMS 0x0000000709d00000, 0x0000000709d00000| Untracked 
| 120|0x0000000709e00000, 0x0000000709e00000, 0x0000000709f00000|  0%| F|  |TAMS 0x0000000709e00000, 0x0000000709e00000| Untracked 
| 121|0x0000000709f00000, 0x0000000709f00000, 0x000000070a000000|  0%| F|  |TAMS 0x0000000709f00000, 0x0000000709f00000| Untracked 
| 122|0x000000070a000000, 0x000000070a000000, 0x000000070a100000|  0%| F|  |TAMS 0x000000070a000000, 0x000000070a000000| Untracked 
| 123|0x000000070a100000, 0x000000070a100000, 0x000000070a200000|  0%| F|  |TAMS 0x000000070a100000, 0x000000070a100000| Untracked 
| 124|0x000000070a200000, 0x000000070a200000, 0x000000070a300000|  0%| F|  |TAMS 0x000000070a200000, 0x000000070a200000| Untracked 
| 125|0x000000070a300000, 0x000000070a300000, 0x000000070a400000|  0%| F|  |TAMS 0x000000070a300000, 0x000000070a300000| Untracked 
| 126|0x000000070a400000, 0x000000070a400000, 0x000000070a500000|  0%| F|  |TAMS 0x000000070a400000, 0x000000070a400000| Untracked 
| 127|0x000000070a500000, 0x000000070a500000, 0x000000070a600000|  0%| F|  |TAMS 0x000000070a500000, 0x000000070a500000| Untracked 
| 128|0x000000070a600000, 0x000000070a600000, 0x000000070a700000|  0%| F|  |TAMS 0x000000070a600000, 0x000000070a600000| Untracked 
| 129|0x000000070a700000, 0x000000070a700000, 0x000000070a800000|  0%| F|  |TAMS 0x000000070a700000, 0x000000070a700000| Untracked 
| 130|0x000000070a800000, 0x000000070a800000, 0x000000070a900000|  0%| F|  |TAMS 0x000000070a800000, 0x000000070a800000| Untracked 
| 131|0x000000070a900000, 0x000000070a900000, 0x000000070aa00000|  0%| F|  |TAMS 0x000000070a900000, 0x000000070a900000| Untracked 
| 132|0x000000070aa00000, 0x000000070aa00000, 0x000000070ab00000|  0%| F|  |TAMS 0x000000070aa00000, 0x000000070aa00000| Untracked 
| 133|0x000000070ab00000, 0x000000070ab00000, 0x000000070ac00000|  0%| F|  |TAMS 0x000000070ab00000, 0x000000070ab00000| Untracked 
| 134|0x000000070ac00000, 0x000000070ac00000, 0x000000070ad00000|  0%| F|  |TAMS 0x000000070ac00000, 0x000000070ac00000| Untracked 
| 135|0x000000070ad00000, 0x000000070ad00000, 0x000000070ae00000|  0%| F|  |TAMS 0x000000070ad00000, 0x000000070ad00000| Untracked 
| 136|0x000000070ae00000, 0x000000070ae00000, 0x000000070af00000|  0%| F|  |TAMS 0x000000070ae00000, 0x000000070ae00000| Untracked 
| 137|0x000000070af00000, 0x000000070af00000, 0x000000070b000000|  0%| F|  |TAMS 0x000000070af00000, 0x000000070af00000| Untracked 
| 138|0x000000070b000000, 0x000000070b000000, 0x000000070b100000|  0%| F|  |TAMS 0x000000070b000000, 0x000000070b000000| Untracked 
| 139|0x000000070b100000, 0x000000070b100000, 0x000000070b200000|  0%| F|  |TAMS 0x000000070b100000, 0x000000070b100000| Untracked 
| 140|0x000000070b200000, 0x000000070b200000, 0x000000070b300000|  0%| F|  |TAMS 0x000000070b200000, 0x000000070b200000| Untracked 
| 141|0x000000070b300000, 0x000000070b300000, 0x000000070b400000|  0%| F|  |TAMS 0x000000070b300000, 0x000000070b300000| Untracked 
| 142|0x000000070b400000, 0x000000070b400000, 0x000000070b500000|  0%| F|  |TAMS 0x000000070b400000, 0x000000070b400000| Untracked 
| 143|0x000000070b500000, 0x000000070b500000, 0x000000070b600000|  0%| F|  |TAMS 0x000000070b500000, 0x000000070b500000| Untracked 
| 144|0x000000070b600000, 0x000000070b600000, 0x000000070b700000|  0%| F|  |TAMS 0x000000070b600000, 0x000000070b600000| Untracked 
| 145|0x000000070b700000, 0x000000070b700000, 0x000000070b800000|  0%| F|  |TAMS 0x000000070b700000, 0x000000070b700000| Untracked 
| 146|0x000000070b800000, 0x000000070b800000, 0x000000070b900000|  0%| F|  |TAMS 0x000000070b800000, 0x000000070b800000| Untracked 
| 147|0x000000070b900000, 0x000000070b900000, 0x000000070ba00000|  0%| F|  |TAMS 0x000000070b900000, 0x000000070b900000| Untracked 
| 148|0x000000070ba00000, 0x000000070ba00000, 0x000000070bb00000|  0%| F|  |TAMS 0x000000070ba00000, 0x000000070ba00000| Untracked 
| 149|0x000000070bb00000, 0x000000070bb00000, 0x000000070bc00000|  0%| F|  |TAMS 0x000000070bb00000, 0x000000070bb00000| Untracked 
| 150|0x000000070bc00000, 0x000000070bc00000, 0x000000070bd00000|  0%| F|  |TAMS 0x000000070bc00000, 0x000000070bc00000| Untracked 
| 151|0x000000070bd00000, 0x000000070bd00000, 0x000000070be00000|  0%| F|  |TAMS 0x000000070bd00000, 0x000000070bd00000| Untracked 
| 152|0x000000070be00000, 0x000000070be00000, 0x000000070bf00000|  0%| F|  |TAMS 0x000000070be00000, 0x000000070be00000| Untracked 
| 153|0x000000070bf00000, 0x000000070bf00000, 0x000000070c000000|  0%| F|  |TAMS 0x000000070bf00000, 0x000000070bf00000| Untracked 
| 154|0x000000070c000000, 0x000000070c000000, 0x000000070c100000|  0%| F|  |TAMS 0x000000070c000000, 0x000000070c000000| Untracked 
| 155|0x000000070c100000, 0x000000070c100000, 0x000000070c200000|  0%| F|  |TAMS 0x000000070c100000, 0x000000070c100000| Untracked 
| 156|0x000000070c200000, 0x000000070c200000, 0x000000070c300000|  0%| F|  |TAMS 0x000000070c200000, 0x000000070c200000| Untracked 
| 157|0x000000070c300000, 0x000000070c300000, 0x000000070c400000|  0%| F|  |TAMS 0x000000070c300000, 0x000000070c300000| Untracked 
| 158|0x000000070c400000, 0x000000070c400000, 0x000000070c500000|  0%| F|  |TAMS 0x000000070c400000, 0x000000070c400000| Untracked 
| 159|0x000000070c500000, 0x000000070c500000, 0x000000070c600000|  0%| F|  |TAMS 0x000000070c500000, 0x000000070c500000| Untracked 
| 160|0x000000070c600000, 0x000000070c600000, 0x000000070c700000|  0%| F|  |TAMS 0x000000070c600000, 0x000000070c600000| Untracked 
| 161|0x000000070c700000, 0x000000070c700000, 0x000000070c800000|  0%| F|  |TAMS 0x000000070c700000, 0x000000070c700000| Untracked 
| 162|0x000000070c800000, 0x000000070c800000, 0x000000070c900000|  0%| F|  |TAMS 0x000000070c800000, 0x000000070c800000| Untracked 
| 163|0x000000070c900000, 0x000000070c900000, 0x000000070ca00000|  0%| F|  |TAMS 0x000000070c900000, 0x000000070c900000| Untracked 
| 164|0x000000070ca00000, 0x000000070ca00000, 0x000000070cb00000|  0%| F|  |TAMS 0x000000070ca00000, 0x000000070ca00000| Untracked 
| 165|0x000000070cb00000, 0x000000070cb00000, 0x000000070cc00000|  0%| F|  |TAMS 0x000000070cb00000, 0x000000070cb00000| Untracked 
| 166|0x000000070cc00000, 0x000000070cc00000, 0x000000070cd00000|  0%| F|  |TAMS 0x000000070cc00000, 0x000000070cc00000| Untracked 
| 167|0x000000070cd00000, 0x000000070cd00000, 0x000000070ce00000|  0%| F|  |TAMS 0x000000070cd00000, 0x000000070cd00000| Untracked 
| 168|0x000000070ce00000, 0x000000070ce00000, 0x000000070cf00000|  0%| F|  |TAMS 0x000000070ce00000, 0x000000070ce00000| Untracked 
| 169|0x000000070cf00000, 0x000000070cf00000, 0x000000070d000000|  0%| F|  |TAMS 0x000000070cf00000, 0x000000070cf00000| Untracked 
| 170|0x000000070d000000, 0x000000070d000000, 0x000000070d100000|  0%| F|  |TAMS 0x000000070d000000, 0x000000070d000000| Untracked 
| 171|0x000000070d100000, 0x000000070d100000, 0x000000070d200000|  0%| F|  |TAMS 0x000000070d100000, 0x000000070d100000| Untracked 
| 172|0x000000070d200000, 0x000000070d200000, 0x000000070d300000|  0%| F|  |TAMS 0x000000070d200000, 0x000000070d200000| Untracked 
| 173|0x000000070d300000, 0x000000070d300000, 0x000000070d400000|  0%| F|  |TAMS 0x000000070d300000, 0x000000070d300000| Untracked 
| 174|0x000000070d400000, 0x000000070d400000, 0x000000070d500000|  0%| F|  |TAMS 0x000000070d400000, 0x000000070d400000| Untracked 
| 175|0x000000070d500000, 0x000000070d500000, 0x000000070d600000|  0%| F|  |TAMS 0x000000070d500000, 0x000000070d500000| Untracked 
| 176|0x000000070d600000, 0x000000070d600000, 0x000000070d700000|  0%| F|  |TAMS 0x000000070d600000, 0x000000070d600000| Untracked 
| 177|0x000000070d700000, 0x000000070d700000, 0x000000070d800000|  0%| F|  |TAMS 0x000000070d700000, 0x000000070d700000| Untracked 
| 178|0x000000070d800000, 0x000000070d800000, 0x000000070d900000|  0%| F|  |TAMS 0x000000070d800000, 0x000000070d800000| Untracked 
| 179|0x000000070d900000, 0x000000070d900000, 0x000000070da00000|  0%| F|  |TAMS 0x000000070d900000, 0x000000070d900000| Untracked 
| 180|0x000000070da00000, 0x000000070da00000, 0x000000070db00000|  0%| F|  |TAMS 0x000000070da00000, 0x000000070da00000| Untracked 
| 181|0x000000070db00000, 0x000000070db00000, 0x000000070dc00000|  0%| F|  |TAMS 0x000000070db00000, 0x000000070db00000| Untracked 
| 182|0x000000070dc00000, 0x000000070dc00000, 0x000000070dd00000|  0%| F|  |TAMS 0x000000070dc00000, 0x000000070dc00000| Untracked 
| 183|0x000000070dd00000, 0x000000070dd00000, 0x000000070de00000|  0%| F|  |TAMS 0x000000070dd00000, 0x000000070dd00000| Untracked 
| 184|0x000000070de00000, 0x000000070de00000, 0x000000070df00000|  0%| F|  |TAMS 0x000000070de00000, 0x000000070de00000| Untracked 
| 185|0x000000070df00000, 0x000000070df00000, 0x000000070e000000|  0%| F|  |TAMS 0x000000070df00000, 0x000000070df00000| Untracked 
| 186|0x000000070e000000, 0x000000070e000000, 0x000000070e100000|  0%| F|  |TAMS 0x000000070e000000, 0x000000070e000000| Untracked 
| 187|0x000000070e100000, 0x000000070e100000, 0x000000070e200000|  0%| F|  |TAMS 0x000000070e100000, 0x000000070e100000| Untracked 
| 188|0x000000070e200000, 0x000000070e200000, 0x000000070e300000|  0%| F|  |TAMS 0x000000070e200000, 0x000000070e200000| Untracked 
| 189|0x000000070e300000, 0x000000070e300000, 0x000000070e400000|  0%| F|  |TAMS 0x000000070e300000, 0x000000070e300000| Untracked 
| 190|0x000000070e400000, 0x000000070e400000, 0x000000070e500000|  0%| F|  |TAMS 0x000000070e400000, 0x000000070e400000| Untracked 
| 191|0x000000070e500000, 0x000000070e500000, 0x000000070e600000|  0%| F|  |TAMS 0x000000070e500000, 0x000000070e500000| Untracked 
| 192|0x000000070e600000, 0x000000070e600000, 0x000000070e700000|  0%| F|  |TAMS 0x000000070e600000, 0x000000070e600000| Untracked 
| 193|0x000000070e700000, 0x000000070e700000, 0x000000070e800000|  0%| F|  |TAMS 0x000000070e700000, 0x000000070e700000| Untracked 
| 194|0x000000070e800000, 0x000000070e800000, 0x000000070e900000|  0%| F|  |TAMS 0x000000070e800000, 0x000000070e800000| Untracked 
| 195|0x000000070e900000, 0x000000070e900000, 0x000000070ea00000|  0%| F|  |TAMS 0x000000070e900000, 0x000000070e900000| Untracked 
| 196|0x000000070ea00000, 0x000000070ea00000, 0x000000070eb00000|  0%| F|  |TAMS 0x000000070ea00000, 0x000000070ea00000| Untracked 
| 197|0x000000070eb00000, 0x000000070eb00000, 0x000000070ec00000|  0%| F|  |TAMS 0x000000070eb00000, 0x000000070eb00000| Untracked 
| 198|0x000000070ec00000, 0x000000070ec00000, 0x000000070ed00000|  0%| F|  |TAMS 0x000000070ec00000, 0x000000070ec00000| Untracked 
| 199|0x000000070ed00000, 0x000000070ed00000, 0x000000070ee00000|  0%| F|  |TAMS 0x000000070ed00000, 0x000000070ed00000| Untracked 
| 200|0x000000070ee00000, 0x000000070ee00000, 0x000000070ef00000|  0%| F|  |TAMS 0x000000070ee00000, 0x000000070ee00000| Untracked 
| 201|0x000000070ef00000, 0x000000070ef00000, 0x000000070f000000|  0%| F|  |TAMS 0x000000070ef00000, 0x000000070ef00000| Untracked 
| 202|0x000000070f000000, 0x000000070f000000, 0x000000070f100000|  0%| F|  |TAMS 0x000000070f000000, 0x000000070f000000| Untracked 
| 203|0x000000070f100000, 0x000000070f100000, 0x000000070f200000|  0%| F|  |TAMS 0x000000070f100000, 0x000000070f100000| Untracked 
| 204|0x000000070f200000, 0x000000070f200000, 0x000000070f300000|  0%| F|  |TAMS 0x000000070f200000, 0x000000070f200000| Untracked 
| 205|0x000000070f300000, 0x000000070f300000, 0x000000070f400000|  0%| F|  |TAMS 0x000000070f300000, 0x000000070f300000| Untracked 
| 206|0x000000070f400000, 0x000000070f400000, 0x000000070f500000|  0%| F|  |TAMS 0x000000070f400000, 0x000000070f400000| Untracked 
| 207|0x000000070f500000, 0x000000070f500000, 0x000000070f600000|  0%| F|  |TAMS 0x000000070f500000, 0x000000070f500000| Untracked 
| 208|0x000000070f600000, 0x000000070f700000, 0x000000070f700000|100%| S|  |TAMS 0x000000070f600000, 0x000000070f600000| Complete 
| 209|0x000000070f700000, 0x000000070f800000, 0x000000070f800000|100%| S|  |TAMS 0x000000070f700000, 0x000000070f700000| Complete 
| 210|0x000000070f800000, 0x000000070f900000, 0x000000070f900000|100%| S|  |TAMS 0x000000070f800000, 0x000000070f800000| Complete 
| 211|0x000000070f900000, 0x000000070fa00000, 0x000000070fa00000|100%| S|  |TAMS 0x000000070f900000, 0x000000070f900000| Complete 
| 212|0x000000070fa00000, 0x000000070fb00000, 0x000000070fb00000|100%| E|CS|TAMS 0x000000070fa00000, 0x000000070fb00000| Complete 
| 213|0x000000070fb00000, 0x000000070fc00000, 0x000000070fc00000|100%| E|CS|TAMS 0x000000070fb00000, 0x000000070fc00000| Complete 
| 214|0x000000070fc00000, 0x000000070fd00000, 0x000000070fd00000|100%| E|CS|TAMS 0x000000070fc00000, 0x000000070fd00000| Complete 
| 215|0x000000070fd00000, 0x000000070fe00000, 0x000000070fe00000|100%| E|CS|TAMS 0x000000070fd00000, 0x000000070fe00000| Complete 
| 216|0x000000070fe00000, 0x000000070ff00000, 0x000000070ff00000|100%| E|CS|TAMS 0x000000070fe00000, 0x000000070ff00000| Complete 
| 217|0x000000070ff00000, 0x0000000710000000, 0x0000000710000000|100%| E|CS|TAMS 0x000000070ff00000, 0x0000000710000000| Complete 
| 218|0x0000000710000000, 0x0000000710100000, 0x0000000710100000|100%| E|CS|TAMS 0x0000000710000000, 0x0000000710100000| Complete 
| 219|0x0000000710100000, 0x0000000710200000, 0x0000000710200000|100%| E|CS|TAMS 0x0000000710100000, 0x0000000710200000| Complete 
| 220|0x0000000710200000, 0x0000000710300000, 0x0000000710300000|100%| E|CS|TAMS 0x0000000710200000, 0x0000000710300000| Complete 
| 221|0x0000000710300000, 0x0000000710400000, 0x0000000710400000|100%| E|CS|TAMS 0x0000000710300000, 0x0000000710400000| Complete 
| 222|0x0000000710400000, 0x0000000710500000, 0x0000000710500000|100%| E|CS|TAMS 0x0000000710400000, 0x0000000710500000| Complete 
| 223|0x0000000710500000, 0x0000000710600000, 0x0000000710600000|100%| E|CS|TAMS 0x0000000710500000, 0x0000000710600000| Complete 
| 224|0x0000000710600000, 0x0000000710700000, 0x0000000710700000|100%| E|CS|TAMS 0x0000000710600000, 0x0000000710700000| Complete 
| 225|0x0000000710700000, 0x0000000710800000, 0x0000000710800000|100%| E|CS|TAMS 0x0000000710700000, 0x0000000710800000| Complete 
| 226|0x0000000710800000, 0x0000000710900000, 0x0000000710900000|100%| E|CS|TAMS 0x0000000710800000, 0x0000000710900000| Complete 
| 227|0x0000000710900000, 0x0000000710a00000, 0x0000000710a00000|100%| E|CS|TAMS 0x0000000710900000, 0x0000000710a00000| Complete 
| 228|0x0000000710a00000, 0x0000000710b00000, 0x0000000710b00000|100%| E|CS|TAMS 0x0000000710a00000, 0x0000000710b00000| Complete 
| 229|0x0000000710b00000, 0x0000000710c00000, 0x0000000710c00000|100%| E|CS|TAMS 0x0000000710b00000, 0x0000000710c00000| Complete 
| 230|0x0000000710c00000, 0x0000000710d00000, 0x0000000710d00000|100%| E|CS|TAMS 0x0000000710c00000, 0x0000000710d00000| Complete 
| 231|0x0000000710d00000, 0x0000000710e00000, 0x0000000710e00000|100%| E|CS|TAMS 0x0000000710d00000, 0x0000000710e00000| Complete 
| 232|0x0000000710e00000, 0x0000000710f00000, 0x0000000710f00000|100%| E|CS|TAMS 0x0000000710e00000, 0x0000000710f00000| Complete 
| 233|0x0000000710f00000, 0x0000000711000000, 0x0000000711000000|100%| E|CS|TAMS 0x0000000710f00000, 0x0000000711000000| Complete 
| 234|0x0000000711000000, 0x0000000711100000, 0x0000000711100000|100%| E|CS|TAMS 0x0000000711000000, 0x0000000711100000| Complete 
| 235|0x0000000711100000, 0x0000000711200000, 0x0000000711200000|100%| E|CS|TAMS 0x0000000711100000, 0x0000000711200000| Complete 
| 236|0x0000000711200000, 0x0000000711300000, 0x0000000711300000|100%| E|CS|TAMS 0x0000000711200000, 0x0000000711300000| Complete 
| 237|0x0000000711300000, 0x0000000711400000, 0x0000000711400000|100%| E|CS|TAMS 0x0000000711300000, 0x0000000711400000| Complete 
| 238|0x0000000711400000, 0x0000000711500000, 0x0000000711500000|100%| E|CS|TAMS 0x0000000711400000, 0x0000000711500000| Complete 
| 239|0x0000000711500000, 0x0000000711600000, 0x0000000711600000|100%| E|CS|TAMS 0x0000000711500000, 0x0000000711600000| Complete 
| 240|0x0000000711600000, 0x0000000711700000, 0x0000000711700000|100%| E|CS|TAMS 0x0000000711600000, 0x0000000711700000| Complete 
| 241|0x0000000711700000, 0x0000000711800000, 0x0000000711800000|100%| E|CS|TAMS 0x0000000711700000, 0x0000000711800000| Complete 
| 242|0x0000000711800000, 0x0000000711900000, 0x0000000711900000|100%| E|CS|TAMS 0x0000000711800000, 0x0000000711900000| Complete 
| 243|0x0000000711900000, 0x0000000711a00000, 0x0000000711a00000|100%| E|CS|TAMS 0x0000000711900000, 0x0000000711a00000| Complete 
| 244|0x0000000711a00000, 0x0000000711b00000, 0x0000000711b00000|100%| E|CS|TAMS 0x0000000711a00000, 0x0000000711b00000| Complete 
| 245|0x0000000711b00000, 0x0000000711c00000, 0x0000000711c00000|100%| E|CS|TAMS 0x0000000711b00000, 0x0000000711c00000| Complete 
| 246|0x0000000711c00000, 0x0000000711d00000, 0x0000000711d00000|100%| E|CS|TAMS 0x0000000711c00000, 0x0000000711d00000| Complete 
| 247|0x0000000711d00000, 0x0000000711e00000, 0x0000000711e00000|100%| E|CS|TAMS 0x0000000711d00000, 0x0000000711e00000| Complete 
| 248|0x0000000711e00000, 0x0000000711f00000, 0x0000000711f00000|100%| E|CS|TAMS 0x0000000711e00000, 0x0000000711f00000| Complete 
| 249|0x0000000711f00000, 0x0000000712000000, 0x0000000712000000|100%| E|CS|TAMS 0x0000000711f00000, 0x0000000712000000| Complete 
| 250|0x0000000712000000, 0x0000000712100000, 0x0000000712100000|100%| E|CS|TAMS 0x0000000712000000, 0x0000000712100000| Complete 
| 251|0x0000000712100000, 0x0000000712200000, 0x0000000712200000|100%| E|CS|TAMS 0x0000000712100000, 0x0000000712200000| Complete 
| 252|0x0000000712200000, 0x0000000712300000, 0x0000000712300000|100%| E|CS|TAMS 0x0000000712200000, 0x0000000712300000| Complete 
| 253|0x0000000712300000, 0x0000000712400000, 0x0000000712400000|100%| E|CS|TAMS 0x0000000712300000, 0x0000000712400000| Complete 

Card table byte_map: [0x0000020dbc4a0000,0x0000020dbcc90000] _byte_map_base: 0x0000020db8c8d000

Marking Bits (Prev, Next): (CMBitMap*) 0x0000020da27fdc00, (CMBitMap*) 0x0000020da27fdbc8
 Prev Bits: [0x0000020dc13f0000, 0x0000020dc5358000)
 Next Bits: [0x0000020dbd480000, 0x0000020dc13e8000)

Polling page: 0x0000020dac660000

Metaspace:

Usage:
  Non-class:     28.62 MB capacity,    28.26 MB ( 99%) used,   316.22 KB (  1%) free+waste,    55.56 KB ( <1%) overhead. 
      Class:      3.53 MB capacity,     3.32 MB ( 94%) used,   191.88 KB (  5%) free+waste,    23.38 KB ( <1%) overhead. 
       Both:     32.14 MB capacity,    31.57 MB ( 98%) used,   508.09 KB (  2%) free+waste,    78.94 KB ( <1%) overhead. 

Virtual space:
  Non-class space:       36.00 MB reserved,      28.67 MB ( 80%) committed 
      Class space:        1.00 GB reserved,       3.63 MB ( <1%) committed 
             Both:        1.04 GB reserved,      32.30 MB (  3%) committed 

Chunk freelists:
   Non-Class:  55.00 KB
       Class:  6.00 KB
        Both:  61.00 KB

MaxMetaspaceSize: 17179869184.00 GB
CompressedClassSpaceSize: 1.00 GB

CodeHeap 'non-profiled nmethods': size=120064Kb used=2560Kb max_used=2560Kb free=117503Kb
 bounds [0x0000020db4140000, 0x0000020db43d0000, 0x0000020dbb680000]
CodeHeap 'profiled nmethods': size=120000Kb used=11715Kb max_used=11715Kb free=108284Kb
 bounds [0x0000020dacc10000, 0x0000020dad790000, 0x0000020db4140000]
CodeHeap 'non-nmethods': size=5696Kb used=1147Kb max_used=1184Kb free=4549Kb
 bounds [0x0000020dac680000, 0x0000020dac8f0000, 0x0000020dacc10000]
 total_blobs=5580 nmethods=5108 adapters=382
 compilation: enabled
              stopped_count=0, restarted_count=0
 full_count=0

Compilation events (20 events):
Event: 3.768 Thread 0x0000020dc8376000 5072       3       com.sun.tools.javac.code.Symtab$$Lambda$164/0x0000000800378c40::apply (8 bytes)
Event: 3.768 Thread 0x0000020dc8376000 nmethod 5072 0x0000020dad764a90 code [0x0000020dad764c40, 0x0000020dad764e58]
Event: 3.768 Thread 0x0000020dc8376000 5073       3       com.sun.tools.javac.code.Symtab$$Lambda$165/0x000000080037f840::test (12 bytes)
Event: 3.768 Thread 0x0000020dc8376000 nmethod 5073 0x0000020dad764f90 code [0x0000020dad765160, 0x0000020dad765438]
Event: 3.768 Thread 0x0000020dc8376000 5074       3       com.sun.tools.javac.code.Symtab::lambda$lookupPackage$2 (14 bytes)
Event: 3.769 Thread 0x0000020dc8376000 nmethod 5074 0x0000020dad765590 code [0x0000020dad765740, 0x0000020dad765898]
Event: 3.769 Thread 0x0000020dc8376000 5079       3       com.sun.tools.javac.code.Scope$ScopeImpl::getSymbolsByName (10 bytes)
Event: 3.769 Thread 0x0000020dc8376000 nmethod 5079 0x0000020dad765910 code [0x0000020dad765b00, 0x0000020dad765f68]
Event: 3.769 Thread 0x0000020dc8376000 5080       3       com.sun.tools.javac.code.Scope$ScopeImpl$$Lambda$166/0x000000080037fc40::get$Lambda (12 bytes)
Event: 3.769 Thread 0x0000020dc8376000 nmethod 5080 0x0000020dad766110 code [0x0000020dad7662e0, 0x0000020dad766678]
Event: 3.769 Thread 0x0000020dc8376000 5081       3       com.sun.tools.javac.code.Scope$ScopeImpl$$Lambda$166/0x000000080037fc40::<init> (26 bytes)
Event: 3.769 Thread 0x0000020dc8376000 nmethod 5081 0x0000020dad766790 code [0x0000020dad766960, 0x0000020dad766c58]
Event: 3.769 Thread 0x0000020dc8376000 5082       3       com.sun.tools.javac.code.Scope$ScopeImpl$$Lambda$166/0x000000080037fc40::iterator (20 bytes)
Event: 3.769 Thread 0x0000020dc8376000 nmethod 5082 0x0000020dad766d10 code [0x0000020dad766ee0, 0x0000020dad767108]
Event: 3.769 Thread 0x0000020dc8376000 5078       3       com.sun.tools.javac.code.Scope::getSymbolsByName (9 bytes)
Event: 3.769 Thread 0x0000020dc8376000 nmethod 5078 0x0000020dad767210 code [0x0000020dad7673e0, 0x0000020dad767628]
Event: 3.769 Thread 0x0000020dc8376000 5092       3       com.sun.tools.javac.code.Scope$ScopeImpl::dble (147 bytes)
Event: 3.770 Thread 0x0000020dc8376000 nmethod 5092 0x0000020dad767710 code [0x0000020dad767960, 0x0000020dad768548]
Event: 3.770 Thread 0x0000020dc8376000 5083       1       com.sun.tools.javac.util.Iterators$1::hasNext (2 bytes)
Event: 3.770 Thread 0x0000020dc8376000 nmethod 5083 0x0000020db43bf590 code [0x0000020db43bf740, 0x0000020db43bf7f8]

GC Heap History (12 events):
Event: 0.589 GC heap before
{Heap before GC invocations=0 (full 0):
 garbage-first heap   total 260096K, used 14336K [0x0000000702600000, 0x0000000800000000)
  region size 1024K, 14 young (14336K), 0 survivors (0K)
 Metaspace       used 11333K, capacity 11578K, committed 11776K, reserved 1060864K
  class space    used 1068K, capacity 1159K, committed 1280K, reserved 1048576K
}
Event: 0.592 GC heap after
{Heap after GC invocations=1 (full 0):
 garbage-first heap   total 260096K, used 2956K [0x0000000702600000, 0x0000000800000000)
  region size 1024K, 2 young (2048K), 2 survivors (2048K)
 Metaspace       used 11333K, capacity 11578K, committed 11776K, reserved 1060864K
  class space    used 1068K, capacity 1159K, committed 1280K, reserved 1048576K
}
Event: 0.718 GC heap before
{Heap before GC invocations=1 (full 0):
 garbage-first heap   total 260096K, used 13196K [0x0000000702600000, 0x0000000800000000)
  region size 1024K, 12 young (12288K), 2 survivors (2048K)
 Metaspace       used 13142K, capacity 13350K, committed 13440K, reserved 1060864K
  class space    used 1314K, capacity 1387K, committed 1408K, reserved 1048576K
}
Event: 0.720 GC heap after
{Heap after GC invocations=2 (full 0):
 garbage-first heap   total 260096K, used 3529K [0x0000000702600000, 0x0000000800000000)
  region size 1024K, 1 young (1024K), 1 survivors (1024K)
 Metaspace       used 13142K, capacity 13350K, committed 13440K, reserved 1060864K
  class space    used 1314K, capacity 1387K, committed 1408K, reserved 1048576K
}
Event: 1.134 GC heap before
{Heap before GC invocations=2 (full 0):
 garbage-first heap   total 260096K, used 34249K [0x0000000702600000, 0x0000000800000000)
  region size 1024K, 31 young (31744K), 1 survivors (1024K)
 Metaspace       used 17499K, capacity 17712K, committed 17920K, reserved 1064960K
  class space    used 1864K, capacity 1981K, committed 2048K, reserved 1048576K
}
Event: 1.136 GC heap after
{Heap after GC invocations=3 (full 0):
 garbage-first heap   total 260096K, used 4969K [0x0000000702600000, 0x0000000800000000)
  region size 1024K, 2 young (2048K), 2 survivors (2048K)
 Metaspace       used 17499K, capacity 17712K, committed 17920K, reserved 1064960K
  class space    used 1864K, capacity 1981K, committed 2048K, reserved 1048576K
}
Event: 1.609 GC heap before
{Heap before GC invocations=3 (full 0):
 garbage-first heap   total 260096K, used 32617K [0x0000000702600000, 0x0000000800000000)
  region size 1024K, 30 young (30720K), 2 survivors (2048K)
 Metaspace       used 20836K, capacity 21119K, committed 21296K, reserved 1069056K
  class space    used 2197K, capacity 2317K, committed 2432K, reserved 1048576K
}
Event: 1.621 GC heap after
{Heap after GC invocations=4 (full 0):
 garbage-first heap   total 260096K, used 8330K [0x0000000702600000, 0x0000000800000000)
  region size 1024K, 6 young (6144K), 6 survivors (6144K)
 Metaspace       used 20836K, capacity 21119K, committed 21296K, reserved 1069056K
  class space    used 2197K, capacity 2317K, committed 2432K, reserved 1048576K
}
Event: 2.226 GC heap before
{Heap before GC invocations=5 (full 0):
 garbage-first heap   total 260096K, used 63626K [0x0000000702600000, 0x0000000800000000)
  region size 1024K, 60 young (61440K), 6 survivors (6144K)
 Metaspace       used 21687K, capacity 22044K, committed 22320K, reserved 1069056K
  class space    used 2237K, capacity 2390K, committed 2432K, reserved 1048576K
}
Event: 2.235 GC heap after
{Heap after GC invocations=6 (full 0):
 garbage-first heap   total 260096K, used 11983K [0x0000000702600000, 0x0000000800000000)
  region size 1024K, 7 young (7168K), 7 survivors (7168K)
 Metaspace       used 21687K, capacity 22044K, committed 22320K, reserved 1069056K
  class space    used 2237K, capacity 2390K, committed 2432K, reserved 1048576K
}
Event: 3.384 GC heap before
{Heap before GC invocations=6 (full 0):
 garbage-first heap   total 260096K, used 162511K [0x0000000702600000, 0x0000000800000000)
  region size 1024K, 152 young (155648K), 7 survivors (7168K)
 Metaspace       used 31339K, capacity 31994K, committed 32176K, reserved 1077248K
  class space    used 3320K, capacity 3541K, committed 3584K, reserved 1048576K
}
Event: 3.396 GC heap after
{Heap after GC invocations=7 (full 0):
 garbage-first heap   total 260096K, used 25609K [0x0000000702600000, 0x0000000800000000)
  region size 1024K, 19 young (19456K), 19 survivors (19456K)
 Metaspace       used 31339K, capacity 31994K, committed 32176K, reserved 1077248K
  class space    used 3320K, capacity 3541K, committed 3584K, reserved 1048576K
}

Deoptimization events (20 events):
Event: 3.556 Thread 0x0000020da279d800 DEOPT PACKING pc=0x0000020db436de80 sp=0x0000001f2b0fcae0
Event: 3.556 Thread 0x0000020da279d800 DEOPT UNPACKING pc=0x0000020dac6a68af sp=0x0000001f2b0fca78 mode 2
Event: 3.566 Thread 0x0000020da279d800 Uncommon trap: trap_request=0xffffff4d fr.pc=0x0000020db4378fb8 relative=0x00000000000010d8
Event: 3.566 Thread 0x0000020da279d800 Uncommon trap: reason=unstable_if action=reinterpret pc=0x0000020db4378fb8 method=java.nio.file.FileTreeWalker.visit(Ljava/nio/file/Path;ZZ)Ljava/nio/file/FileTreeWalker$Event; @ 53 c2
Event: 3.566 Thread 0x0000020da279d800 DEOPT PACKING pc=0x0000020db4378fb8 sp=0x0000001f2b0fceb0
Event: 3.566 Thread 0x0000020da279d800 DEOPT UNPACKING pc=0x0000020dac6a68af sp=0x0000001f2b0fcdd0 mode 2
Event: 3.579 Thread 0x0000020da279d800 DEOPT PACKING pc=0x0000020dad508a7c sp=0x0000001f2b0fcb30
Event: 3.579 Thread 0x0000020da279d800 DEOPT UNPACKING pc=0x0000020dac6a705e sp=0x0000001f2b0fc0d0 mode 0
Event: 3.625 Thread 0x0000020da279d800 DEOPT PACKING pc=0x0000020dad63f0b0 sp=0x0000001f2b0fc340
Event: 3.625 Thread 0x0000020da279d800 DEOPT UNPACKING pc=0x0000020dac6a705e sp=0x0000001f2b0fb850 mode 0
Event: 3.635 Thread 0x0000020da279d800 Uncommon trap: trap_request=0xffffff4d fr.pc=0x0000020db4354e3c relative=0x000000000000021c
Event: 3.635 Thread 0x0000020da279d800 Uncommon trap: reason=unstable_if action=reinterpret pc=0x0000020db4354e3c method=com.sun.tools.javac.util.Name$Table.equals([BI[BII)Z @ 22 c2
Event: 3.635 Thread 0x0000020da279d800 DEOPT PACKING pc=0x0000020db4354e3c sp=0x0000001f2b0fca30
Event: 3.635 Thread 0x0000020da279d800 DEOPT UNPACKING pc=0x0000020dac6a68af sp=0x0000001f2b0fc9a8 mode 2
Event: 3.646 Thread 0x0000020da279d800 DEOPT PACKING pc=0x0000020dad5fed7f sp=0x0000001f2b0fc580
Event: 3.646 Thread 0x0000020da279d800 DEOPT UNPACKING pc=0x0000020dac6a705e sp=0x0000001f2b0fba88 mode 0
Event: 3.651 Thread 0x0000020da279d800 DEOPT PACKING pc=0x0000020dad5fed7f sp=0x0000001f2b0fc580
Event: 3.651 Thread 0x0000020da279d800 DEOPT UNPACKING pc=0x0000020dac6a705e sp=0x0000001f2b0fba88 mode 0
Event: 3.663 Thread 0x0000020da279d800 DEOPT PACKING pc=0x0000020dad55f1ff sp=0x0000001f2b0fb7c0
Event: 3.663 Thread 0x0000020da279d800 DEOPT UNPACKING pc=0x0000020dac6a705e sp=0x0000001f2b0fac68 mode 0

Classes redefined (0 events):
No events

Internal exceptions (20 events):
Event: 3.759 Thread 0x0000020da279d800 Exception <a 'sun/nio/fs/WindowsException'{0x000000070fbcc270}> (0x000000070fbcc270) thrown at [./src/hotspot/share/prims/jni.cpp, line 615]
Event: 3.759 Thread 0x0000020da279d800 Exception <a 'sun/nio/fs/WindowsException'{0x000000070fbcc6c0}> (0x000000070fbcc6c0) thrown at [./src/hotspot/share/prims/jni.cpp, line 615]
Event: 3.760 Thread 0x0000020da279d800 Exception <a 'sun/nio/fs/WindowsException'{0x000000070fbcda58}> (0x000000070fbcda58) thrown at [./src/hotspot/share/prims/jni.cpp, line 615]
Event: 3.760 Thread 0x0000020da279d800 Exception <a 'sun/nio/fs/WindowsException'{0x000000070fbcdf30}> (0x000000070fbcdf30) thrown at [./src/hotspot/share/prims/jni.cpp, line 615]
Event: 3.760 Thread 0x0000020da279d800 Exception <a 'sun/nio/fs/WindowsException'{0x000000070fbcfec0}> (0x000000070fbcfec0) thrown at [./src/hotspot/share/prims/jni.cpp, line 615]
Event: 3.760 Thread 0x0000020da279d800 Exception <a 'sun/nio/fs/WindowsException'{0x000000070fbd0358}> (0x000000070fbd0358) thrown at [./src/hotspot/share/prims/jni.cpp, line 615]
Event: 3.761 Thread 0x0000020da279d800 Exception <a 'sun/nio/fs/WindowsException'{0x000000070fbd8458}> (0x000000070fbd8458) thrown at [./src/hotspot/share/prims/jni.cpp, line 615]
Event: 3.761 Thread 0x0000020da279d800 Exception <a 'sun/nio/fs/WindowsException'{0x000000070fbd88a0}> (0x000000070fbd88a0) thrown at [./src/hotspot/share/prims/jni.cpp, line 615]
Event: 3.761 Thread 0x0000020da279d800 Exception <a 'sun/nio/fs/WindowsException'{0x000000070fbeb6f0}> (0x000000070fbeb6f0) thrown at [./src/hotspot/share/prims/jni.cpp, line 615]
Event: 3.761 Thread 0x0000020da279d800 Exception <a 'sun/nio/fs/WindowsException'{0x000000070fbebb80}> (0x000000070fbebb80) thrown at [./src/hotspot/share/prims/jni.cpp, line 615]
Event: 3.761 Thread 0x0000020da279d800 Exception <a 'sun/nio/fs/WindowsException'{0x000000070fbeccb0}> (0x000000070fbeccb0) thrown at [./src/hotspot/share/prims/jni.cpp, line 615]
Event: 3.761 Thread 0x0000020da279d800 Exception <a 'sun/nio/fs/WindowsException'{0x000000070fbed1c0}> (0x000000070fbed1c0) thrown at [./src/hotspot/share/prims/jni.cpp, line 615]
Event: 3.768 Thread 0x0000020da279d800 Exception <a 'sun/nio/fs/WindowsException'{0x000000070fa518f0}> (0x000000070fa518f0) thrown at [./src/hotspot/share/prims/jni.cpp, line 615]
Event: 3.768 Thread 0x0000020da279d800 Exception <a 'sun/nio/fs/WindowsException'{0x000000070fa51d70}> (0x000000070fa51d70) thrown at [./src/hotspot/share/prims/jni.cpp, line 615]
Event: 3.769 Thread 0x0000020da279d800 Exception <a 'sun/nio/fs/WindowsException'{0x000000070fa5fbd0}> (0x000000070fa5fbd0) thrown at [./src/hotspot/share/prims/jni.cpp, line 615]
Event: 3.769 Thread 0x0000020da279d800 Exception <a 'sun/nio/fs/WindowsException'{0x000000070fa60000}> (0x000000070fa60000) thrown at [./src/hotspot/share/prims/jni.cpp, line 615]
Event: 3.769 Thread 0x0000020da279d800 Exception <a 'sun/nio/fs/WindowsException'{0x000000070fa8b7a8}> (0x000000070fa8b7a8) thrown at [./src/hotspot/share/prims/jni.cpp, line 615]
Event: 3.769 Thread 0x0000020da279d800 Exception <a 'sun/nio/fs/WindowsException'{0x000000070fa8bc20}> (0x000000070fa8bc20) thrown at [./src/hotspot/share/prims/jni.cpp, line 615]
Event: 3.770 Thread 0x0000020da279d800 Exception <a 'sun/nio/fs/WindowsException'{0x000000070fa8cd48}> (0x000000070fa8cd48) thrown at [./src/hotspot/share/prims/jni.cpp, line 615]
Event: 3.770 Thread 0x0000020da279d800 Exception <a 'sun/nio/fs/WindowsException'{0x000000070fa8d248}> (0x000000070fa8d248) thrown at [./src/hotspot/share/prims/jni.cpp, line 615]

Events (20 events):
Event: 3.695 loading class com/sun/tools/javac/code/TypeAnnotations
Event: 3.695 loading class com/sun/tools/javac/code/TypeAnnotations done
Event: 3.697 loading class com/sun/tools/javac/code/Symbol
Event: 3.697 loading class com/sun/tools/javac/code/Symbol done
Event: 3.697 loading class com/sun/tools/javac/util/Filter
Event: 3.697 loading class com/sun/tools/javac/util/Filter done
Event: 3.697 loading class com/sun/tools/javac/code/Symbol
Event: 3.697 loading class com/sun/tools/javac/code/Symbol done
Event: 3.697 loading class com/sun/tools/javac/code/Symbol
Event: 3.697 loading class com/sun/tools/javac/code/Symbol done
Event: 3.717 Executing VM operation: ICBufferFull
Event: 3.717 Executing VM operation: ICBufferFull done
Event: 3.723 loading class com/sun/tools/javac/util/JCDiagnostic$DiagnosticPosition
Event: 3.723 loading class com/sun/tools/javac/util/JCDiagnostic$DiagnosticPosition done
Event: 3.723 loading class com/sun/tools/javac/comp/Check
Event: 3.723 loading class com/sun/tools/javac/comp/Check done
Event: 3.766 loading class com/sun/tools/javac/tree/JCTree$JCCompilationUnit
Event: 3.766 loading class com/sun/tools/javac/tree/JCTree$JCCompilationUnit done
Event: 3.766 loading class com/sun/tools/javac/comp/TypeEnter
Event: 3.766 loading class com/sun/tools/javac/comp/TypeEnter done


Dynamic libraries:
0x00007ff7c4130000 - 0x00007ff7c413d000 	C:\Users\Matt1\AppData\Local\Programs\AdoptOpenJDK\jdk-11.0.11.9-hotspot\bin\javaw.exe
0x00007fff9c930000 - 0x00007fff9cb25000 	C:\WINDOWS\SYSTEM32\ntdll.dll
0x00007fff9b3c0000 - 0x00007fff9b47d000 	C:\WINDOWS\System32\KERNEL32.DLL
0x00007fff9a240000 - 0x00007fff9a50d000 	C:\WINDOWS\System32\KERNELBASE.dll
0x00007fff9a5d0000 - 0x00007fff9a6d0000 	C:\WINDOWS\System32\ucrtbase.dll
0x00007fff8e670000 - 0x00007fff8e687000 	C:\Users\Matt1\AppData\Local\Programs\AdoptOpenJDK\jdk-11.0.11.9-hotspot\bin\jli.dll
0x00007fff9b010000 - 0x00007fff9b1b0000 	C:\WINDOWS\System32\USER32.dll
0x00007fff9a040000 - 0x00007fff9a062000 	C:\WINDOWS\System32\win32u.dll
0x00007fff9add0000 - 0x00007fff9adfa000 	C:\WINDOWS\System32\GDI32.dll
0x00007fff9a6d0000 - 0x00007fff9a7db000 	C:\WINDOWS\System32\gdi32full.dll
0x00007fff9a890000 - 0x00007fff9a92d000 	C:\WINDOWS\System32\msvcp_win.dll
0x00007fff8c030000 - 0x00007fff8c045000 	C:\Users\Matt1\AppData\Local\Programs\AdoptOpenJDK\jdk-11.0.11.9-hotspot\bin\VCRUNTIME140.dll
0x00007fff82c80000 - 0x00007fff82f1a000 	C:\WINDOWS\WinSxS\amd64_microsoft.windows.common-controls_6595b64144ccf1df_6.0.19041.1110_none_60b5254171f9507e\COMCTL32.dll
0x00007fff9b1b0000 - 0x00007fff9b24e000 	C:\WINDOWS\System32\msvcrt.dll
0x00007fff9b260000 - 0x00007fff9b290000 	C:\WINDOWS\System32\IMM32.DLL
0x00007fff71bc0000 - 0x00007fff71c5b000 	C:\Users\Matt1\AppData\Local\Programs\AdoptOpenJDK\jdk-11.0.11.9-hotspot\bin\msvcp140.dll
0x00007fff43e40000 - 0x00007fff4498b000 	C:\Users\Matt1\AppData\Local\Programs\AdoptOpenJDK\jdk-11.0.11.9-hotspot\bin\server\jvm.dll
0x00007fff9b290000 - 0x00007fff9b33e000 	C:\WINDOWS\System32\ADVAPI32.dll
0x00007fff9b9d0000 - 0x00007fff9ba6c000 	C:\WINDOWS\System32\sechost.dll
0x00007fff9aac0000 - 0x00007fff9abe5000 	C:\WINDOWS\System32\RPCRT4.dll
0x00007fff9b250000 - 0x00007fff9b258000 	C:\WINDOWS\System32\PSAPI.DLL
0x00007fff7cb80000 - 0x00007fff7cb89000 	C:\WINDOWS\SYSTEM32\WSOCK32.dll
0x00007fff9b340000 - 0x00007fff9b3ab000 	C:\WINDOWS\System32\WS2_32.dll
0x00007fff8b720000 - 0x00007fff8b747000 	C:\WINDOWS\SYSTEM32\WINMM.dll
0x00007fff91770000 - 0x00007fff9177a000 	C:\WINDOWS\SYSTEM32\VERSION.dll
0x00007fff97f20000 - 0x00007fff97f32000 	C:\WINDOWS\SYSTEM32\kernel.appcore.dll
0x00007fff97770000 - 0x00007fff97780000 	C:\Users\Matt1\AppData\Local\Programs\AdoptOpenJDK\jdk-11.0.11.9-hotspot\bin\verify.dll
0x00007fff8b470000 - 0x00007fff8b654000 	C:\WINDOWS\SYSTEM32\DBGHELP.DLL
0x00007fff8a430000 - 0x00007fff8a45c000 	C:\WINDOWS\SYSTEM32\dbgcore.DLL
0x00007fff9a540000 - 0x00007fff9a5c2000 	C:\WINDOWS\System32\bcryptPrimitives.dll
0x00007fff95aa0000 - 0x00007fff95ac8000 	C:\Users\Matt1\AppData\Local\Programs\AdoptOpenJDK\jdk-11.0.11.9-hotspot\bin\java.dll
0x00007fff97760000 - 0x00007fff9776a000 	C:\Users\Matt1\AppData\Local\Programs\AdoptOpenJDK\jdk-11.0.11.9-hotspot\bin\jimage.dll
0x00007fff8e650000 - 0x00007fff8e667000 	C:\Users\Matt1\AppData\Local\Programs\AdoptOpenJDK\jdk-11.0.11.9-hotspot\bin\zip.dll
0x00007fff9ba80000 - 0x00007fff9c1c4000 	C:\WINDOWS\System32\SHELL32.dll
0x00007fff98120000 - 0x00007fff988b4000 	C:\WINDOWS\SYSTEM32\windows.storage.dll
0x00007fff9b5a0000 - 0x00007fff9b8f4000 	C:\WINDOWS\System32\combase.dll
0x00007fff998f0000 - 0x00007fff9991c000 	C:\WINDOWS\SYSTEM32\Wldp.dll
0x00007fff9abf0000 - 0x00007fff9ac9d000 	C:\WINDOWS\System32\SHCORE.dll
0x00007fff9a980000 - 0x00007fff9a9d5000 	C:\WINDOWS\System32\shlwapi.dll
0x00007fff99f80000 - 0x00007fff99f9f000 	C:\WINDOWS\SYSTEM32\profapi.dll
0x00007fff8e610000 - 0x00007fff8e629000 	C:\Users\Matt1\AppData\Local\Programs\AdoptOpenJDK\jdk-11.0.11.9-hotspot\bin\net.dll
0x00007fff935f0000 - 0x00007fff936fa000 	C:\WINDOWS\SYSTEM32\WINHTTP.dll
0x00007fff996d0000 - 0x00007fff9973a000 	C:\WINDOWS\system32\mswsock.dll
0x00007fff8e320000 - 0x00007fff8e332000 	C:\Users\Matt1\AppData\Local\Programs\AdoptOpenJDK\jdk-11.0.11.9-hotspot\bin\nio.dll
0x00007fff99c30000 - 0x00007fff99c48000 	C:\WINDOWS\SYSTEM32\CRYPTSP.dll
0x00007fff99070000 - 0x00007fff990a4000 	C:\WINDOWS\system32\rsaenh.dll
0x00007fff9a510000 - 0x00007fff9a537000 	C:\WINDOWS\System32\bcrypt.dll
0x00007fff99f00000 - 0x00007fff99f2e000 	C:\WINDOWS\SYSTEM32\USERENV.dll
0x00007fff99860000 - 0x00007fff9986c000 	C:\WINDOWS\SYSTEM32\CRYPTBASE.dll
0x00007fff993e0000 - 0x00007fff9941b000 	C:\WINDOWS\SYSTEM32\IPHLPAPI.DLL
0x00007fff9b3b0000 - 0x00007fff9b3b8000 	C:\WINDOWS\System32\NSI.dll
0x00007fff939d0000 - 0x00007fff939e7000 	C:\WINDOWS\SYSTEM32\dhcpcsvc6.DLL
0x00007fff93940000 - 0x00007fff9395d000 	C:\WINDOWS\SYSTEM32\dhcpcsvc.DLL
0x00007fff99420000 - 0x00007fff994eb000 	C:\WINDOWS\SYSTEM32\DNSAPI.dll
0x00007fff95d00000 - 0x00007fff95d0a000 	C:\Users\Matt1\AppData\Local\Temp\jansi-1.17.1-15592244479965452429.dll
0x00007fff95ad0000 - 0x00007fff95ada000 	C:\Users\Matt1\AppData\Local\Temp\jansi-1.17.1-6401514740020309986.dll

dbghelp: loaded successfully - version: 4.0.5 - missing functions: none
symbol engine: initialized successfully - sym options: 0x614 - pdb path: .;C:\Users\Matt1\AppData\Local\Programs\AdoptOpenJDK\jdk-11.0.11.9-hotspot\bin;C:\WINDOWS\SYSTEM32;C:\WINDOWS\WinSxS\amd64_microsoft.windows.common-controls_6595b64144ccf1df_6.0.19041.1110_none_60b5254171f9507e;C:\Users\Matt1\AppData\Local\Programs\AdoptOpenJDK\jdk-11.0.11.9-hotspot\bin\server;C:\Users\Matt1\AppData\Local\Temp

VM Arguments:
jvm_args: -Dmaven.home=EMBEDDED -Dclassworlds.conf=C:\Users\Matt1\eclipse-workspace4\.metadata\.plugins\org.eclipse.m2e.launching\launches\m2conf16128690750154285703.tmp -Dmaven.multiModuleProjectDirectory=C:\Users\Matt1\SummitWorks\Project imp\Backend_proj\Summitworks-Disaster-Recovery-Backend -Dfile.encoding=Cp1252 
java_command: org.codehaus.plexus.classworlds.launcher.Launcher -B clean install
java_class_path (initial): C:\Users\Matt1\.p2\pool\plugins\org.eclipse.m2e.maven.runtime_1.16.0.20210129-0849\jars\plexus-classworlds-2.6.0.jar
Launcher Type: SUN_STANDARD

[Global flags]
     intx CICompilerCount                          = 3                                         {product} {ergonomic}
     uint ConcGCThreads                            = 1                                         {product} {ergonomic}
     uint G1ConcRefinementThreads                  = 4                                         {product} {ergonomic}
   size_t G1HeapRegionSize                         = 1048576                                   {product} {ergonomic}
    uintx GCDrainStackTargetSize                   = 64                                        {product} {ergonomic}
   size_t InitialHeapSize                          = 266338304                                 {product} {ergonomic}
   size_t MarkStackSize                            = 4194304                                   {product} {ergonomic}
   size_t MaxHeapSize                              = 4255121408                                {product} {ergonomic}
   size_t MaxNewSize                               = 2552233984                                {product} {ergonomic}
   size_t MinHeapDeltaBytes                        = 1048576                                   {product} {ergonomic}
    uintx NonNMethodCodeHeapSize                   = 5830732                                {pd product} {ergonomic}
    uintx NonProfiledCodeHeapSize                  = 122913754                              {pd product} {ergonomic}
    uintx ProfiledCodeHeapSize                     = 122913754                              {pd product} {ergonomic}
    uintx ReservedCodeCacheSize                    = 251658240                              {pd product} {ergonomic}
     bool SegmentedCodeCache                       = true                                      {product} {ergonomic}
     bool UseCompressedClassPointers               = true                                 {lp64_product} {ergonomic}
     bool UseCompressedOops                        = true                                 {lp64_product} {ergonomic}
     bool UseG1GC                                  = true                                      {product} {ergonomic}
     bool UseLargePagesIndividualAllocation        = false                                  {pd product} {ergonomic}

Logging:
Log output configuration:
 #0: stdout all=warning uptime,level,tags
 #1: stderr all=off uptime,level,tags

Environment Variables:
JAVA_HOME=C:\Users\Matt1\AppData\Local\Programs\AdoptOpenJDK\jdk-11.0.11.9-hotspot\
PATH=C:/Users/Matt1/AppData/Local/Programs/AdoptOpenJDK/jdk-11.0.11.9-hotspot/bin/client;C:/Users/Matt1/AppData/Local/Programs/AdoptOpenJDK/jdk-11.0.11.9-hotspot/bin;C:\Program Files (x86)\Common Files\Oracle\Java\javapath;C:\ProgramData\Oracle\Java\javapath;C:\Program Files (x86)\Intel\iCLS Client\;C:\Program Files\Intel\iCLS Client\;C:\Program Files (x86)\Common Files\Microsoft Shared\Windows Live;C:\Windows\system32;C:\Windows;C:\Windows\System32\Wbem;C:\Windows\System32\WindowsPowerShell\v1.0\;C:\Program Files (x86)\Common Files\Acronis\SnapAPI\;C:\Program Files\Intel\Intel(R) Management Engine Components\DAL;C:\Program Files\Intel\Intel(R) Management Engine Components\IPT;C:\Program Files (x86)\Intel\Intel(R) Management Engine Components\DAL;C:\Program Files (x86)\Intel\Intel(R) Management Engine Components\IPT;C:\Users\Matt\AppData\Local\Smartbar\Application\;C:\Program Files\NVIDIA Corporation\NVIDIA NvDLISR;C:\WINDOWS\system32;C:\WINDOWS;C:\WINDOWS\System32\Wbem;C:\WINDOWS\System32\WindowsPowerShell\v1.0\;C:\WINDOWS\System32\OpenSSH\;C:\WINDOWS\system32;C:\WINDOWS;C:\WINDOWS\System32\Wbem;C:\WINDOWS\System32\WindowsPowerShell\v1.0\;C:\WINDOWS\System32\OpenSSH\;C:\Program Files (x86)\NVIDIA Corporation\PhysX\Common;C:\Program Files\dotnet\;C:\Program Files\Docker\Docker\resources\bin;C:\ProgramData\DockerDesktop\version-bin;C:\Program Files\nodejs\;C:\Program Files (x86)\dotnet\;F:\Putty\;C:\Program Files\Amazon\AWSCLIV2\;C:\Program Files\Amazon\AWSSAMCLI\bin\;C:\Program Files\MySQL\MySQL Shell 8.0\bin\;C:\Users\Matt1\AppData\Local\Programs\AdoptOpenJDK\jdk-11.0.11.9-hotspot\bin;C:\Users\Matt1\AppData\Local\Microsoft\WindowsApps;C:\Users\Matt1\AppData\Local\Programs\Microsoft VS Code\bin;C:\Users\Matt1\.dotnet\tools;C:\Users\Matt1\AppData\Local\GitHubDesktop\bin;C:\Users\Matt1\AppData\Roaming\npm;C:\Users\Matt1\Desktop;
USERNAME=Matt1
OS=Windows_NT
PROCESSOR_IDENTIFIER=Intel64 Family 6 Model 60 Stepping 3, GenuineIntel



---------------  S Y S T E M  ---------------

OS: Windows 10 , 64 bit Build 19041 (10.0.19041.1706)
OS uptime: 4 days 0:36 hours
Hyper-V role detected

CPU:total 4 (initial active 4) (4 cores per cpu, 1 threads per core) family 6 model 60 stepping 3 microcode 0x27, cmov, cx8, fxsr, mmx, sse, sse2, sse3, ssse3, sse4.1, sse4.2, popcnt, avx, avx2, aes, clmul, erms, lzcnt, tsc, tscinvbit, bmi1, bmi2, fma

Memory: 4k page, system-wide physical 16229M (6517M free)
TotalPageFile size 17253M (AvailPageFile size 5M)
current process WorkingSet (physical memory assigned to process): 316M, peak: 316M
current process commit charge ("private bytes"): 415M, peak: 416M

vm_info: OpenJDK 64-Bit Server VM (11.0.11+9) for windows-amd64 JRE (11.0.11+9), built on Apr 20 2021 21:22:09 by "" with MS VC++ 15.9 (VS2017)

END.
